2026-03-15T16:31:26.048+01:00  INFO 1112 --- [configdemo] [main] c.info.configdemo.ConfigDemoApplication  : Starting ConfigDemoApplication using Java 25.0.2 with PID 1112 (C:\Users\leoga\Formación\Proyectos\Course 1\functionality examples\config-mgmt\configdemo\target\classes started by leoga in C:\Users\leoga\Formación\Proyectos\Course 1\functionality examples)
2026-03-15T16:31:26.057+01:00  INFO 1112 --- [configdemo] [main] c.info.configdemo.ConfigDemoApplication  : The following 1 profile is active: "dev"
2026-03-15T16:31:26.102+01:00  INFO 1112 --- [configdemo] [main] o.s.c.c.c.ConfigServerConfigDataLoader   : Fetching config from server at : http://localhost:8888
2026-03-15T16:31:26.102+01:00  INFO 1112 --- [configdemo] [main] o.s.c.c.c.ConfigServerConfigDataLoader   : Located environment: name=configdemo, profiles=[default], label=null, version=521ad91598dc25d496aee84ed5b855e3238cd053, state=
2026-03-15T16:31:26.104+01:00  INFO 1112 --- [configdemo] [main] o.s.c.c.c.ConfigServerConfigDataLoader   : Fetching config from server at : http://localhost:8888
2026-03-15T16:31:26.105+01:00  INFO 1112 --- [configdemo] [main] o.s.c.c.c.ConfigServerConfigDataLoader   : Located environment: name=configdemo, profiles=[dev], label=null, version=521ad91598dc25d496aee84ed5b855e3238cd053, state=
2026-03-15T16:31:27.408+01:00  INFO 1112 --- [configdemo] [main] faultConfiguringBeanFactoryPostProcessor : No bean named 'errorChannel' has been explicitly defined. Therefore, a default PublishSubscribeChannel will be created.
2026-03-15T16:31:27.434+01:00  INFO 1112 --- [configdemo] [main] faultConfiguringBeanFactoryPostProcessor : No bean named 'integrationHeaderChannelRegistry' has been explicitly defined. Therefore, a default DefaultHeaderChannelRegistry will be created.
2026-03-15T16:31:27.542+01:00  INFO 1112 --- [configdemo] [main] o.s.cloud.context.scope.GenericScope     : BeanFactory id=d4e7705d-3e55-3d8d-affe-9d6582affc2a
2026-03-15T16:31:27.986+01:00  INFO 1112 --- [configdemo] [main] o.s.boot.tomcat.TomcatWebServer          : Tomcat initialized with port 8080 (http)
2026-03-15T16:31:28.004+01:00  INFO 1112 --- [configdemo] [main] o.apache.catalina.core.StandardService   : Starting service [Tomcat]
2026-03-15T16:31:28.004+01:00  INFO 1112 --- [configdemo] [main] o.apache.catalina.core.StandardEngine    : Starting Servlet engine: [Apache Tomcat/11.0.18]
2026-03-15T16:31:28.222+01:00  INFO 1112 --- [configdemo] [main] b.w.c.s.WebApplicationContextInitializer : Root WebApplicationContext: initialization completed in 2115 ms
2026-03-15T16:31:29.412+01:00  INFO 1112 --- [configdemo] [main] o.s.c.s.m.DirectWithAttributesChannel    : Channel 'configdemo.springCloudBusInput' has 1 subscriber(s).
2026-03-15T16:31:30.827+01:00  INFO 1112 --- [configdemo] [main] o.s.cloud.commons.util.InetUtils         : Cannot determine local hostname
2026-03-15T16:31:32.152+01:00  INFO 1112 --- [configdemo] [main] o.s.cloud.commons.util.InetUtils         : Cannot determine local hostname
2026-03-15T16:31:32.169+01:00  INFO 1112 --- [configdemo] [main] o.s.b.a.e.web.EndpointLinksResolver      : Exposing 23 endpoints beneath base path '/actuator'
2026-03-15T16:31:32.322+01:00  INFO 1112 --- [configdemo] [main] figuration$IntegrationJmxConfiguration$1 : Registering MessageChannel errorChannel
2026-03-15T16:31:32.327+01:00  INFO 1112 --- [configdemo] [main] figuration$IntegrationJmxConfiguration$1 : Registering MessageChannel springCloudBusInput
2026-03-15T16:31:32.330+01:00  INFO 1112 --- [configdemo] [main] figuration$IntegrationJmxConfiguration$1 : Registering MessageChannel nullChannel
2026-03-15T16:31:32.333+01:00  INFO 1112 --- [configdemo] [main] figuration$IntegrationJmxConfiguration$1 : Registering MessageHandler _org.springframework.integration.errorLogger
2026-03-15T16:31:32.341+01:00  INFO 1112 --- [configdemo] [main] o.s.i.endpoint.EventDrivenConsumer       : Adding {logging-channel-adapter:_org.springframework.integration.errorLogger} as a subscriber to the 'errorChannel' channel
2026-03-15T16:31:32.342+01:00  INFO 1112 --- [configdemo] [main] o.s.i.channel.PublishSubscribeChannel    : Channel 'configdemo.errorChannel' has 1 subscriber(s).
2026-03-15T16:31:32.342+01:00  INFO 1112 --- [configdemo] [main] o.s.i.endpoint.EventDrivenConsumer       : started bean '_org.springframework.integration.errorLogger'
2026-03-15T16:31:32.354+01:00  INFO 1112 --- [configdemo] [main] o.s.c.s.binder.DefaultBinderFactory      : Creating binder: rabbit
2026-03-15T16:31:32.355+01:00  INFO 1112 --- [configdemo] [main] o.s.c.s.binder.DefaultBinderFactory      : Constructing binder child context for rabbit
2026-03-15T16:31:32.488+01:00  INFO 1112 --- [configdemo] [main] o.s.c.s.binder.DefaultBinderFactory      : Caching the binder: rabbit
2026-03-15T16:31:32.502+01:00  INFO 1112 --- [configdemo] [main] c.s.b.r.p.RabbitExchangeQueueProvisioner : declaring queue for inbound: springCloudBus.anonymous.6fS-CqB6QIa0HDV--WLQBQ, bound to: springCloudBus
2026-03-15T16:31:32.508+01:00  INFO 1112 --- [configdemo] [main] o.s.a.r.c.CachingConnectionFactory       : Attempting to connect to: [localhost:5672]
2026-03-15T16:31:32.589+01:00  INFO 1112 --- [configdemo] [main] o.s.a.r.c.CachingConnectionFactory       : Created new connection: rabbitConnectionFactory#66f5770e:0/SimpleConnection@ab5dde4 [delegate=amqp://guest@127.0.0.1:5672/, localPort=63176]
2026-03-15T16:31:32.666+01:00  INFO 1112 --- [configdemo] [main] o.s.c.stream.binder.BinderErrorChannel   : Channel 'rabbit-1153778787.springCloudBusInput.errors' has 1 subscriber(s).
2026-03-15T16:31:32.667+01:00  INFO 1112 --- [configdemo] [main] o.s.c.stream.binder.BinderErrorChannel   : Channel 'rabbit-1153778787.springCloudBusInput.errors' has 2 subscriber(s).
2026-03-15T16:31:32.700+01:00  INFO 1112 --- [configdemo] [main] o.s.i.a.i.AmqpInboundChannelAdapter      : started bean 'inbound.springCloudBus.anonymous.6fS-CqB6QIa0HDV--WLQBQ'
2026-03-15T16:31:32.724+01:00  INFO 1112 --- [configdemo] [main] o.s.boot.tomcat.TomcatWebServer          : Tomcat started on port 8080 (http) with context path '/'
2026-03-15T16:31:33.729+01:00  INFO 1112 --- [configdemo] [main] o.s.cloud.commons.util.InetUtils         : Cannot determine local hostname
2026-03-15T16:31:34.454+01:00  INFO 1112 --- [configdemo] [http-nio-8080-exec-1] o.a.c.c.C.[Tomcat].[localhost].[/]       : Initializing Spring DispatcherServlet 'dispatcherServlet'
2026-03-15T16:31:34.454+01:00  INFO 1112 --- [configdemo] [http-nio-8080-exec-1] o.s.web.servlet.DispatcherServlet        : Initializing Servlet 'dispatcherServlet'
2026-03-15T16:31:34.458+01:00  INFO 1112 --- [configdemo] [http-nio-8080-exec-1] o.s.web.servlet.DispatcherServlet        : Completed initialization in 4 ms
2026-03-15T16:31:34.740+01:00  INFO 1112 --- [configdemo] [main] o.s.cloud.commons.util.InetUtils         : Cannot determine local hostname
2026-03-15T16:31:34.780+01:00  INFO 1112 --- [configdemo] [main] figuration$IntegrationJmxConfiguration$1 : Registering MessageChannel rabbit-1153778787.springCloudBusInput.errors
2026-03-15T16:31:34.797+01:00  INFO 1112 --- [configdemo] [main] c.info.configdemo.ConfigDemoApplication  : Started ConfigDemoApplication in 13.043 seconds (process running for 14.736)
2026-03-15T16:32:53.028+01:00 DEBUG 1112 --- [configdemo] [http-nio-8080-exec-5] c.info.configdemo.BuildInfoController    : Build ID: 2020, Version: 2.0.0, Name: Development GIT build
2026-03-15T16:32:53.028+01:00  INFO 1112 --- [configdemo] [http-nio-8080-exec-5] c.info.configdemo.BuildInfoController    : Build ID: 2020, Version: 2.0.0, Name: Development GIT build
2026-03-15T16:32:53.028+01:00  WARN 1112 --- [configdemo] [http-nio-8080-exec-5] c.info.configdemo.BuildInfoController    : Build ID: 2020, Version: 2.0.0, Name: Development GIT build
2026-03-15T16:32:53.028+01:00 ERROR 1112 --- [configdemo] [http-nio-8080-exec-5] c.info.configdemo.BuildInfoController    : Build ID: 2020, Version: 2.0.0, Name: Development GIT build
2026-03-15T17:50:18.099+01:00 DEBUG 1112 --- [configdemo] [http-nio-8080-exec-6] c.info.configdemo.BuildInfoController    : Build ID: 2020, Version: 2.0.0, Name: Development GIT build
2026-03-15T17:50:18.163+01:00  INFO 1112 --- [configdemo] [http-nio-8080-exec-6] c.info.configdemo.BuildInfoController    : Build ID: 2020, Version: 2.0.0, Name: Development GIT build
2026-03-15T17:50:18.163+01:00  WARN 1112 --- [configdemo] [http-nio-8080-exec-6] c.info.configdemo.BuildInfoController    : Build ID: 2020, Version: 2.0.0, Name: Development GIT build
2026-03-15T17:50:18.163+01:00 ERROR 1112 --- [configdemo] [http-nio-8080-exec-6] c.info.configdemo.BuildInfoController    : Build ID: 2020, Version: 2.0.0, Name: Development GIT build
2026-03-15T17:50:19.260+01:00 DEBUG 1112 --- [configdemo] [http-nio-8080-exec-5] c.info.configdemo.BuildInfoController    : Build ID: 2020, Version: 2.0.0, Name: Development GIT build
2026-03-15T17:50:19.260+01:00  INFO 1112 --- [configdemo] [http-nio-8080-exec-5] c.info.configdemo.BuildInfoController    : Build ID: 2020, Version: 2.0.0, Name: Development GIT build
2026-03-15T17:50:19.260+01:00  WARN 1112 --- [configdemo] [http-nio-8080-exec-5] c.info.configdemo.BuildInfoController    : Build ID: 2020, Version: 2.0.0, Name: Development GIT build
2026-03-15T17:50:19.260+01:00 ERROR 1112 --- [configdemo] [http-nio-8080-exec-5] c.info.configdemo.BuildInfoController    : Build ID: 2020, Version: 2.0.0, Name: Development GIT build
2026-03-15T17:50:20.699+01:00 DEBUG 1112 --- [configdemo] [http-nio-8080-exec-10] c.info.configdemo.BuildInfoController    : Build ID: 2020, Version: 2.0.0, Name: Development GIT build
2026-03-15T17:50:20.699+01:00  INFO 1112 --- [configdemo] [http-nio-8080-exec-10] c.info.configdemo.BuildInfoController    : Build ID: 2020, Version: 2.0.0, Name: Development GIT build
2026-03-15T17:50:20.699+01:00  WARN 1112 --- [configdemo] [http-nio-8080-exec-10] c.info.configdemo.BuildInfoController    : Build ID: 2020, Version: 2.0.0, Name: Development GIT build
2026-03-15T17:50:20.699+01:00 ERROR 1112 --- [configdemo] [http-nio-8080-exec-10] c.info.configdemo.BuildInfoController    : Build ID: 2020, Version: 2.0.0, Name: Development GIT build
2026-03-15T17:50:21.299+01:00 DEBUG 1112 --- [configdemo] [http-nio-8080-exec-1] c.info.configdemo.BuildInfoController    : Build ID: 2020, Version: 2.0.0, Name: Development GIT build
2026-03-15T17:50:21.299+01:00  INFO 1112 --- [configdemo] [http-nio-8080-exec-1] c.info.configdemo.BuildInfoController    : Build ID: 2020, Version: 2.0.0, Name: Development GIT build
2026-03-15T17:50:21.301+01:00  WARN 1112 --- [configdemo] [http-nio-8080-exec-1] c.info.configdemo.BuildInfoController    : Build ID: 2020, Version: 2.0.0, Name: Development GIT build
2026-03-15T17:50:21.301+01:00 ERROR 1112 --- [configdemo] [http-nio-8080-exec-1] c.info.configdemo.BuildInfoController    : Build ID: 2020, Version: 2.0.0, Name: Development GIT build
2026-03-15T17:50:38.374+01:00  INFO 1112 --- [configdemo] [SpringApplicationShutdownHook] o.s.boot.tomcat.GracefulShutdown         : Commencing graceful shutdown. Waiting for active requests to complete
2026-03-15T17:50:38.466+01:00  INFO 1112 --- [configdemo] [tomcat-shutdown] o.s.boot.tomcat.GracefulShutdown         : Graceful shutdown complete
2026-03-15T17:50:38.548+01:00  INFO 1112 --- [configdemo] [SpringApplicationShutdownHook] o.s.a.r.l.SimpleMessageListenerContainer : Waiting for workers to finish.
2026-03-15T17:50:39.151+01:00  INFO 1112 --- [configdemo] [SpringApplicationShutdownHook] o.s.a.r.l.SimpleMessageListenerContainer : Successfully waited for workers to finish.
2026-03-15T17:50:39.152+01:00  INFO 1112 --- [configdemo] [SpringApplicationShutdownHook] o.s.i.a.i.AmqpInboundChannelAdapter      : stopped bean 'inbound.springCloudBus.anonymous.6fS-CqB6QIa0HDV--WLQBQ'
2026-03-15T17:50:39.156+01:00  INFO 1112 --- [configdemo] [SpringApplicationShutdownHook] o.s.c.stream.binder.BinderErrorChannel   : Channel 'configdemo.rabbit-1153778787.springCloudBusInput.errors' has 1 subscriber(s).
2026-03-15T17:50:39.166+01:00  INFO 1112 --- [configdemo] [SpringApplicationShutdownHook] o.s.c.stream.binder.BinderErrorChannel   : Channel 'configdemo.rabbit-1153778787.springCloudBusInput.errors' has 0 subscriber(s).
2026-03-15T17:50:39.296+01:00  INFO 1112 --- [configdemo] [SpringApplicationShutdownHook] o.s.i.endpoint.EventDrivenConsumer       : Removing {logging-channel-adapter:_org.springframework.integration.errorLogger} as a subscriber to the 'errorChannel' channel
2026-03-15T17:50:39.296+01:00  INFO 1112 --- [configdemo] [SpringApplicationShutdownHook] o.s.i.channel.PublishSubscribeChannel    : Channel 'configdemo.errorChannel' has 0 subscriber(s).
2026-03-15T17:50:39.296+01:00  INFO 1112 --- [configdemo] [SpringApplicationShutdownHook] o.s.i.endpoint.EventDrivenConsumer       : stopped bean '_org.springframework.integration.errorLogger'
2026-03-15T17:52:16.715+01:00  INFO 5148 --- [configdemo] [main] c.info.configdemo.ConfigDemoApplication  : Starting ConfigDemoApplication using Java 25.0.2 with PID 5148 (C:\Users\leoga\Formación\Proyectos\Course 1\functionality examples\config-mgmt\configdemo\target\classes started by leoga in C:\Users\leoga\Formación\Proyectos\Course 1\functionality examples)
2026-03-15T17:52:16.718+01:00  INFO 5148 --- [configdemo] [main] c.info.configdemo.ConfigDemoApplication  : The following 1 profile is active: "dev"
2026-03-15T17:52:16.761+01:00  INFO 5148 --- [configdemo] [main] o.s.c.c.c.ConfigServerConfigDataLoader   : Fetching config from server at : http://localhost:8888
2026-03-15T17:52:16.761+01:00  INFO 5148 --- [configdemo] [main] o.s.c.c.c.ConfigServerConfigDataLoader   : Located environment: name=configdemo, profiles=[default], label=null, version=521ad91598dc25d496aee84ed5b855e3238cd053, state=
2026-03-15T17:52:16.763+01:00  INFO 5148 --- [configdemo] [main] o.s.c.c.c.ConfigServerConfigDataLoader   : Fetching config from server at : http://localhost:8888
2026-03-15T17:52:16.763+01:00  INFO 5148 --- [configdemo] [main] o.s.c.c.c.ConfigServerConfigDataLoader   : Located environment: name=configdemo, profiles=[dev], label=null, version=521ad91598dc25d496aee84ed5b855e3238cd053, state=
2026-03-15T17:52:18.119+01:00  INFO 5148 --- [configdemo] [main] faultConfiguringBeanFactoryPostProcessor : No bean named 'errorChannel' has been explicitly defined. Therefore, a default PublishSubscribeChannel will be created.
2026-03-15T17:52:18.128+01:00  INFO 5148 --- [configdemo] [main] faultConfiguringBeanFactoryPostProcessor : No bean named 'integrationHeaderChannelRegistry' has been explicitly defined. Therefore, a default DefaultHeaderChannelRegistry will be created.
2026-03-15T17:52:18.251+01:00  INFO 5148 --- [configdemo] [main] o.s.cloud.context.scope.GenericScope     : BeanFactory id=d4e7705d-3e55-3d8d-affe-9d6582affc2a
2026-03-15T17:52:18.663+01:00  INFO 5148 --- [configdemo] [main] o.s.boot.tomcat.TomcatWebServer          : Tomcat initialized with port 8080 (http)
2026-03-15T17:52:18.679+01:00  INFO 5148 --- [configdemo] [main] o.apache.catalina.core.StandardService   : Starting service [Tomcat]
2026-03-15T17:52:18.680+01:00  INFO 5148 --- [configdemo] [main] o.apache.catalina.core.StandardEngine    : Starting Servlet engine: [Apache Tomcat/11.0.18]
2026-03-15T17:52:18.849+01:00  INFO 5148 --- [configdemo] [main] b.w.c.s.WebApplicationContextInitializer : Root WebApplicationContext: initialization completed in 2083 ms
2026-03-15T17:52:19.879+01:00  INFO 5148 --- [configdemo] [main] o.s.c.s.m.DirectWithAttributesChannel    : Channel 'configdemo.springCloudBusInput' has 1 subscriber(s).
2026-03-15T17:52:21.182+01:00  INFO 5148 --- [configdemo] [main] o.s.cloud.commons.util.InetUtils         : Cannot determine local hostname
2026-03-15T17:52:22.477+01:00  INFO 5148 --- [configdemo] [main] o.s.cloud.commons.util.InetUtils         : Cannot determine local hostname
2026-03-15T17:52:22.498+01:00  INFO 5148 --- [configdemo] [main] o.s.b.a.e.web.EndpointLinksResolver      : Exposing 23 endpoints beneath base path '/actuator'
2026-03-15T17:52:22.636+01:00  INFO 5148 --- [configdemo] [main] figuration$IntegrationJmxConfiguration$1 : Registering MessageChannel errorChannel
2026-03-15T17:52:22.643+01:00  INFO 5148 --- [configdemo] [main] figuration$IntegrationJmxConfiguration$1 : Registering MessageChannel springCloudBusInput
2026-03-15T17:52:22.647+01:00  INFO 5148 --- [configdemo] [main] figuration$IntegrationJmxConfiguration$1 : Registering MessageChannel nullChannel
2026-03-15T17:52:22.650+01:00  INFO 5148 --- [configdemo] [main] figuration$IntegrationJmxConfiguration$1 : Registering MessageHandler _org.springframework.integration.errorLogger
2026-03-15T17:52:22.660+01:00  INFO 5148 --- [configdemo] [main] o.s.i.endpoint.EventDrivenConsumer       : Adding {logging-channel-adapter:_org.springframework.integration.errorLogger} as a subscriber to the 'errorChannel' channel
2026-03-15T17:52:22.660+01:00  INFO 5148 --- [configdemo] [main] o.s.i.channel.PublishSubscribeChannel    : Channel 'configdemo.errorChannel' has 1 subscriber(s).
2026-03-15T17:52:22.661+01:00  INFO 5148 --- [configdemo] [main] o.s.i.endpoint.EventDrivenConsumer       : started bean '_org.springframework.integration.errorLogger'
2026-03-15T17:52:22.675+01:00  INFO 5148 --- [configdemo] [main] o.s.c.s.binder.DefaultBinderFactory      : Creating binder: rabbit
2026-03-15T17:52:22.675+01:00  INFO 5148 --- [configdemo] [main] o.s.c.s.binder.DefaultBinderFactory      : Constructing binder child context for rabbit
2026-03-15T17:52:22.819+01:00  INFO 5148 --- [configdemo] [main] o.s.c.s.binder.DefaultBinderFactory      : Caching the binder: rabbit
2026-03-15T17:52:22.844+01:00  INFO 5148 --- [configdemo] [main] c.s.b.r.p.RabbitExchangeQueueProvisioner : declaring queue for inbound: springCloudBus.anonymous.al0MzNv5TyKdA-wNtGybdQ, bound to: springCloudBus
2026-03-15T17:52:22.851+01:00  INFO 5148 --- [configdemo] [main] o.s.a.r.c.CachingConnectionFactory       : Attempting to connect to: [localhost:5672]
2026-03-15T17:52:22.949+01:00  INFO 5148 --- [configdemo] [main] o.s.a.r.c.CachingConnectionFactory       : Created new connection: rabbitConnectionFactory#575cfec1:0/SimpleConnection@463746eb [delegate=amqp://guest@127.0.0.1:5672/, localPort=58576]
2026-03-15T17:52:23.021+01:00  INFO 5148 --- [configdemo] [main] o.s.c.stream.binder.BinderErrorChannel   : Channel 'rabbit-1844179384.springCloudBusInput.errors' has 1 subscriber(s).
2026-03-15T17:52:23.023+01:00  INFO 5148 --- [configdemo] [main] o.s.c.stream.binder.BinderErrorChannel   : Channel 'rabbit-1844179384.springCloudBusInput.errors' has 2 subscriber(s).
2026-03-15T17:52:23.049+01:00  INFO 5148 --- [configdemo] [main] o.s.i.a.i.AmqpInboundChannelAdapter      : started bean 'inbound.springCloudBus.anonymous.al0MzNv5TyKdA-wNtGybdQ'
2026-03-15T17:52:23.076+01:00  INFO 5148 --- [configdemo] [main] o.s.boot.tomcat.TomcatWebServer          : Tomcat started on port 8080 (http) with context path '/'
2026-03-15T17:52:24.083+01:00  INFO 5148 --- [configdemo] [main] o.s.cloud.commons.util.InetUtils         : Cannot determine local hostname
2026-03-15T17:52:25.091+01:00  INFO 5148 --- [configdemo] [main] o.s.cloud.commons.util.InetUtils         : Cannot determine local hostname
2026-03-15T17:52:25.120+01:00  INFO 5148 --- [configdemo] [main] figuration$IntegrationJmxConfiguration$1 : Registering MessageChannel rabbit-1844179384.springCloudBusInput.errors
2026-03-15T17:52:25.145+01:00  INFO 5148 --- [configdemo] [main] c.info.configdemo.ConfigDemoApplication  : Started ConfigDemoApplication in 12.709 seconds (process running for 14.092)
2026-03-15T17:52:25.598+01:00  INFO 5148 --- [configdemo] [http-nio-8080-exec-1] o.a.c.c.C.[Tomcat].[localhost].[/]       : Initializing Spring DispatcherServlet 'dispatcherServlet'
2026-03-15T17:52:25.599+01:00  INFO 5148 --- [configdemo] [http-nio-8080-exec-1] o.s.web.servlet.DispatcherServlet        : Initializing Servlet 'dispatcherServlet'
2026-03-15T17:52:25.603+01:00  INFO 5148 --- [configdemo] [http-nio-8080-exec-1] o.s.web.servlet.DispatcherServlet        : Completed initialization in 4 ms
2026-03-15T18:06:42.830+01:00  INFO 5148 --- [configdemo] [SpringApplicationShutdownHook] o.s.boot.tomcat.GracefulShutdown         : Commencing graceful shutdown. Waiting for active requests to complete
2026-03-15T18:06:42.863+01:00  INFO 5148 --- [configdemo] [tomcat-shutdown] o.s.boot.tomcat.GracefulShutdown         : Graceful shutdown complete
2026-03-15T18:06:42.893+01:00  INFO 5148 --- [configdemo] [SpringApplicationShutdownHook] o.s.a.r.l.SimpleMessageListenerContainer : Waiting for workers to finish.
2026-03-15T18:06:43.700+01:00  INFO 5148 --- [configdemo] [SpringApplicationShutdownHook] o.s.a.r.l.SimpleMessageListenerContainer : Successfully waited for workers to finish.
2026-03-15T18:06:43.701+01:00  INFO 5148 --- [configdemo] [SpringApplicationShutdownHook] o.s.i.a.i.AmqpInboundChannelAdapter      : stopped bean 'inbound.springCloudBus.anonymous.al0MzNv5TyKdA-wNtGybdQ'
2026-03-15T18:06:43.702+01:00  INFO 5148 --- [configdemo] [SpringApplicationShutdownHook] o.s.c.stream.binder.BinderErrorChannel   : Channel 'configdemo.rabbit-1844179384.springCloudBusInput.errors' has 1 subscriber(s).
2026-03-15T18:06:43.704+01:00  INFO 5148 --- [configdemo] [SpringApplicationShutdownHook] o.s.c.stream.binder.BinderErrorChannel   : Channel 'configdemo.rabbit-1844179384.springCloudBusInput.errors' has 0 subscriber(s).
2026-03-15T18:06:43.741+01:00  INFO 5148 --- [configdemo] [SpringApplicationShutdownHook] o.s.i.endpoint.EventDrivenConsumer       : Removing {logging-channel-adapter:_org.springframework.integration.errorLogger} as a subscriber to the 'errorChannel' channel
2026-03-15T18:06:43.747+01:00  INFO 5148 --- [configdemo] [SpringApplicationShutdownHook] o.s.i.channel.PublishSubscribeChannel    : Channel 'configdemo.errorChannel' has 0 subscriber(s).
2026-03-15T18:06:43.747+01:00  INFO 5148 --- [configdemo] [SpringApplicationShutdownHook] o.s.i.endpoint.EventDrivenConsumer       : stopped bean '_org.springframework.integration.errorLogger'
2026-03-15T18:07:16.212+01:00  INFO 20892 --- [configdemo] [main] c.info.configdemo.ConfigDemoApplication  : Starting ConfigDemoApplication using Java 25.0.2 with PID 20892 (C:\Users\leoga\Formación\Proyectos\Course 1\functionality examples\config-mgmt\configdemo\target\classes started by leoga in C:\Users\leoga\Formación\Proyectos\Course 1\functionality examples)
2026-03-15T18:07:16.216+01:00  INFO 20892 --- [configdemo] [main] c.info.configdemo.ConfigDemoApplication  : The following 1 profile is active: "dev"
2026-03-15T18:07:16.259+01:00  INFO 20892 --- [configdemo] [main] o.s.c.c.c.ConfigServerConfigDataLoader   : Fetching config from server at : http://localhost:8888
2026-03-15T18:07:16.259+01:00  INFO 20892 --- [configdemo] [main] o.s.c.c.c.ConfigServerConfigDataLoader   : Located environment: name=configdemo, profiles=[default], label=null, version=7ce3d5155902a1c6a7dee00350f8a8124dc2e405, state=
2026-03-15T18:07:16.260+01:00  INFO 20892 --- [configdemo] [main] o.s.c.c.c.ConfigServerConfigDataLoader   : Fetching config from server at : http://localhost:8888
2026-03-15T18:07:16.260+01:00  INFO 20892 --- [configdemo] [main] o.s.c.c.c.ConfigServerConfigDataLoader   : Located environment: name=configdemo, profiles=[dev], label=null, version=7ce3d5155902a1c6a7dee00350f8a8124dc2e405, state=
2026-03-15T18:07:17.731+01:00  INFO 20892 --- [configdemo] [main] faultConfiguringBeanFactoryPostProcessor : No bean named 'errorChannel' has been explicitly defined. Therefore, a default PublishSubscribeChannel will be created.
2026-03-15T18:07:17.742+01:00  INFO 20892 --- [configdemo] [main] faultConfiguringBeanFactoryPostProcessor : No bean named 'integrationHeaderChannelRegistry' has been explicitly defined. Therefore, a default DefaultHeaderChannelRegistry will be created.
2026-03-15T18:07:17.889+01:00  INFO 20892 --- [configdemo] [main] o.s.cloud.context.scope.GenericScope     : BeanFactory id=d4e7705d-3e55-3d8d-affe-9d6582affc2a
2026-03-15T18:07:18.398+01:00  INFO 20892 --- [configdemo] [main] o.s.boot.tomcat.TomcatWebServer          : Tomcat initialized with port 8080 (http)
2026-03-15T18:07:18.416+01:00  INFO 20892 --- [configdemo] [main] o.apache.catalina.core.StandardService   : Starting service [Tomcat]
2026-03-15T18:07:18.417+01:00  INFO 20892 --- [configdemo] [main] o.apache.catalina.core.StandardEngine    : Starting Servlet engine: [Apache Tomcat/11.0.18]
2026-03-15T18:07:18.611+01:00  INFO 20892 --- [configdemo] [main] b.w.c.s.WebApplicationContextInitializer : Root WebApplicationContext: initialization completed in 2348 ms
2026-03-15T18:07:19.930+01:00  INFO 20892 --- [configdemo] [main] o.s.c.s.m.DirectWithAttributesChannel    : Channel 'configdemo.springCloudBusInput' has 1 subscriber(s).
2026-03-15T18:07:21.454+01:00  INFO 20892 --- [configdemo] [main] o.s.cloud.commons.util.InetUtils         : Cannot determine local hostname
2026-03-15T18:07:22.955+01:00  INFO 20892 --- [configdemo] [main] o.s.cloud.commons.util.InetUtils         : Cannot determine local hostname
2026-03-15T18:07:22.980+01:00  INFO 20892 --- [configdemo] [main] o.s.b.a.e.web.EndpointLinksResolver      : Exposing 23 endpoints beneath base path '/actuator'
2026-03-15T18:07:23.144+01:00  INFO 20892 --- [configdemo] [main] figuration$IntegrationJmxConfiguration$1 : Registering MessageChannel errorChannel
2026-03-15T18:07:23.154+01:00  INFO 20892 --- [configdemo] [main] figuration$IntegrationJmxConfiguration$1 : Registering MessageChannel springCloudBusInput
2026-03-15T18:07:23.162+01:00  INFO 20892 --- [configdemo] [main] figuration$IntegrationJmxConfiguration$1 : Registering MessageChannel nullChannel
2026-03-15T18:07:23.169+01:00  INFO 20892 --- [configdemo] [main] figuration$IntegrationJmxConfiguration$1 : Registering MessageHandler _org.springframework.integration.errorLogger
2026-03-15T18:07:23.180+01:00  INFO 20892 --- [configdemo] [main] o.s.i.endpoint.EventDrivenConsumer       : Adding {logging-channel-adapter:_org.springframework.integration.errorLogger} as a subscriber to the 'errorChannel' channel
2026-03-15T18:07:23.180+01:00  INFO 20892 --- [configdemo] [main] o.s.i.channel.PublishSubscribeChannel    : Channel 'configdemo.errorChannel' has 1 subscriber(s).
2026-03-15T18:07:23.180+01:00  INFO 20892 --- [configdemo] [main] o.s.i.endpoint.EventDrivenConsumer       : started bean '_org.springframework.integration.errorLogger'
2026-03-15T18:07:23.194+01:00  INFO 20892 --- [configdemo] [main] o.s.c.s.binder.DefaultBinderFactory      : Creating binder: rabbit
2026-03-15T18:07:23.194+01:00  INFO 20892 --- [configdemo] [main] o.s.c.s.binder.DefaultBinderFactory      : Constructing binder child context for rabbit
2026-03-15T18:07:23.378+01:00  INFO 20892 --- [configdemo] [main] o.s.c.s.binder.DefaultBinderFactory      : Caching the binder: rabbit
2026-03-15T18:07:23.411+01:00  INFO 20892 --- [configdemo] [main] c.s.b.r.p.RabbitExchangeQueueProvisioner : declaring queue for inbound: springCloudBus.anonymous.nG3ptia6Qi2CdWpSxW1Yww, bound to: springCloudBus
2026-03-15T18:07:23.426+01:00  INFO 20892 --- [configdemo] [main] o.s.a.r.c.CachingConnectionFactory       : Attempting to connect to: [localhost:5672]
2026-03-15T18:07:23.560+01:00  INFO 20892 --- [configdemo] [main] o.s.a.r.c.CachingConnectionFactory       : Created new connection: rabbitConnectionFactory#245b0bd7:0/SimpleConnection@44a7661d [delegate=amqp://guest@127.0.0.1:5672/, localPort=64058]
2026-03-15T18:07:23.696+01:00  INFO 20892 --- [configdemo] [main] o.s.c.stream.binder.BinderErrorChannel   : Channel 'rabbit-1224302486.springCloudBusInput.errors' has 1 subscriber(s).
2026-03-15T18:07:23.699+01:00  INFO 20892 --- [configdemo] [main] o.s.c.stream.binder.BinderErrorChannel   : Channel 'rabbit-1224302486.springCloudBusInput.errors' has 2 subscriber(s).
2026-03-15T18:07:23.741+01:00  INFO 20892 --- [configdemo] [main] o.s.i.a.i.AmqpInboundChannelAdapter      : started bean 'inbound.springCloudBus.anonymous.nG3ptia6Qi2CdWpSxW1Yww'
2026-03-15T18:07:23.779+01:00  INFO 20892 --- [configdemo] [main] o.s.boot.tomcat.TomcatWebServer          : Tomcat started on port 8080 (http) with context path '/'
2026-03-15T18:07:24.788+01:00  INFO 20892 --- [configdemo] [main] o.s.cloud.commons.util.InetUtils         : Cannot determine local hostname
2026-03-15T18:07:25.583+01:00  INFO 20892 --- [configdemo] [http-nio-8080-exec-1] o.a.c.c.C.[Tomcat].[localhost].[/]       : Initializing Spring DispatcherServlet 'dispatcherServlet'
2026-03-15T18:07:25.583+01:00  INFO 20892 --- [configdemo] [http-nio-8080-exec-1] o.s.web.servlet.DispatcherServlet        : Initializing Servlet 'dispatcherServlet'
2026-03-15T18:07:25.587+01:00  INFO 20892 --- [configdemo] [http-nio-8080-exec-1] o.s.web.servlet.DispatcherServlet        : Completed initialization in 2 ms
2026-03-15T18:07:25.794+01:00  INFO 20892 --- [configdemo] [main] o.s.cloud.commons.util.InetUtils         : Cannot determine local hostname
2026-03-15T18:07:25.827+01:00  INFO 20892 --- [configdemo] [main] figuration$IntegrationJmxConfiguration$1 : Registering MessageChannel rabbit-1224302486.springCloudBusInput.errors
2026-03-15T18:07:25.848+01:00  INFO 20892 --- [configdemo] [main] c.info.configdemo.ConfigDemoApplication  : Started ConfigDemoApplication in 14.14 seconds (process running for 15.982)
2026-03-15T20:53:29.768+01:00  INFO 20892 --- [configdemo] [SpringApplicationShutdownHook] o.s.boot.tomcat.GracefulShutdown         : Commencing graceful shutdown. Waiting for active requests to complete
2026-03-15T20:53:30.355+01:00  INFO 20892 --- [configdemo] [tomcat-shutdown] o.s.boot.tomcat.GracefulShutdown         : Graceful shutdown complete
2026-03-15T20:53:30.389+01:00  INFO 20892 --- [configdemo] [SpringApplicationShutdownHook] o.s.a.r.l.SimpleMessageListenerContainer : Waiting for workers to finish.
2026-03-15T20:53:30.855+01:00  INFO 20892 --- [configdemo] [SpringApplicationShutdownHook] o.s.a.r.l.SimpleMessageListenerContainer : Successfully waited for workers to finish.
2026-03-15T20:53:30.857+01:00  INFO 20892 --- [configdemo] [SpringApplicationShutdownHook] o.s.i.a.i.AmqpInboundChannelAdapter      : stopped bean 'inbound.springCloudBus.anonymous.nG3ptia6Qi2CdWpSxW1Yww'
2026-03-15T20:53:30.866+01:00  INFO 20892 --- [configdemo] [SpringApplicationShutdownHook] o.s.c.stream.binder.BinderErrorChannel   : Channel 'configdemo.rabbit-1224302486.springCloudBusInput.errors' has 1 subscriber(s).
2026-03-15T20:53:30.868+01:00  INFO 20892 --- [configdemo] [SpringApplicationShutdownHook] o.s.c.stream.binder.BinderErrorChannel   : Channel 'configdemo.rabbit-1224302486.springCloudBusInput.errors' has 0 subscriber(s).
2026-03-15T20:53:30.977+01:00  INFO 20892 --- [configdemo] [SpringApplicationShutdownHook] o.s.i.endpoint.EventDrivenConsumer       : Removing {logging-channel-adapter:_org.springframework.integration.errorLogger} as a subscriber to the 'errorChannel' channel
2026-03-15T20:53:30.978+01:00  INFO 20892 --- [configdemo] [SpringApplicationShutdownHook] o.s.i.channel.PublishSubscribeChannel    : Channel 'configdemo.errorChannel' has 0 subscriber(s).
2026-03-15T20:53:30.980+01:00  INFO 20892 --- [configdemo] [SpringApplicationShutdownHook] o.s.i.endpoint.EventDrivenConsumer       : stopped bean '_org.springframework.integration.errorLogger'
2026-03-15T20:54:36.614+01:00  INFO 2788 --- [configdemo] [main] c.info.configdemo.ConfigDemoApplication  : Starting ConfigDemoApplication using Java 25.0.2 with PID 2788 (C:\Users\leoga\Formación\Proyectos\Course 1\functionality examples\config-mgmt\configdemo\target\classes started by leoga in C:\Users\leoga\Formación\Proyectos\Course 1\functionality examples)
2026-03-15T20:54:36.620+01:00  INFO 2788 --- [configdemo] [main] c.info.configdemo.ConfigDemoApplication  : The following 1 profile is active: "dev"
2026-03-15T20:54:36.712+01:00  INFO 2788 --- [configdemo] [main] o.s.c.c.c.ConfigServerConfigDataLoader   : Fetching config from server at : http://localhost:8888
2026-03-15T20:54:36.713+01:00  INFO 2788 --- [configdemo] [main] o.s.c.c.c.ConfigServerConfigDataLoader   : Located environment: name=configdemo, profiles=[default], label=null, version=8159ab8b0f8c926b0696a743efd0fb68b5d3f04b, state=
2026-03-15T20:54:36.714+01:00  INFO 2788 --- [configdemo] [main] o.s.c.c.c.ConfigServerConfigDataLoader   : Fetching config from server at : http://localhost:8888
2026-03-15T20:54:36.715+01:00  INFO 2788 --- [configdemo] [main] o.s.c.c.c.ConfigServerConfigDataLoader   : Located environment: name=configdemo, profiles=[dev], label=null, version=8159ab8b0f8c926b0696a743efd0fb68b5d3f04b, state=
2026-03-15T20:54:39.144+01:00  INFO 2788 --- [configdemo] [main] faultConfiguringBeanFactoryPostProcessor : No bean named 'errorChannel' has been explicitly defined. Therefore, a default PublishSubscribeChannel will be created.
2026-03-15T20:54:39.159+01:00  INFO 2788 --- [configdemo] [main] faultConfiguringBeanFactoryPostProcessor : No bean named 'integrationHeaderChannelRegistry' has been explicitly defined. Therefore, a default DefaultHeaderChannelRegistry will be created.
2026-03-15T20:54:39.420+01:00  INFO 2788 --- [configdemo] [main] o.s.cloud.context.scope.GenericScope     : BeanFactory id=d4e7705d-3e55-3d8d-affe-9d6582affc2a
2026-03-15T20:54:40.157+01:00  INFO 2788 --- [configdemo] [main] o.s.boot.tomcat.TomcatWebServer          : Tomcat initialized with port 8080 (http)
2026-03-15T20:54:40.183+01:00  INFO 2788 --- [configdemo] [main] o.apache.catalina.core.StandardService   : Starting service [Tomcat]
2026-03-15T20:54:40.184+01:00  INFO 2788 --- [configdemo] [main] o.apache.catalina.core.StandardEngine    : Starting Servlet engine: [Apache Tomcat/11.0.18]
2026-03-15T20:54:40.412+01:00  INFO 2788 --- [configdemo] [main] b.w.c.s.WebApplicationContextInitializer : Root WebApplicationContext: initialization completed in 3693 ms
2026-03-15T20:54:42.744+01:00  INFO 2788 --- [configdemo] [main] o.s.c.s.m.DirectWithAttributesChannel    : Channel 'configdemo.springCloudBusInput' has 1 subscriber(s).
2026-03-15T20:54:44.744+01:00  INFO 2788 --- [configdemo] [main] o.s.cloud.commons.util.InetUtils         : Cannot determine local hostname
2026-03-15T20:54:46.161+01:00  INFO 2788 --- [configdemo] [main] o.s.cloud.commons.util.InetUtils         : Cannot determine local hostname
2026-03-15T20:54:46.194+01:00  INFO 2788 --- [configdemo] [main] o.s.b.a.e.web.EndpointLinksResolver      : Exposing 23 endpoints beneath base path '/actuator'
2026-03-15T20:54:46.416+01:00  INFO 2788 --- [configdemo] [main] figuration$IntegrationJmxConfiguration$1 : Registering MessageChannel errorChannel
2026-03-15T20:54:46.424+01:00  INFO 2788 --- [configdemo] [main] figuration$IntegrationJmxConfiguration$1 : Registering MessageChannel springCloudBusInput
2026-03-15T20:54:46.429+01:00  INFO 2788 --- [configdemo] [main] figuration$IntegrationJmxConfiguration$1 : Registering MessageChannel nullChannel
2026-03-15T20:54:46.434+01:00  INFO 2788 --- [configdemo] [main] figuration$IntegrationJmxConfiguration$1 : Registering MessageHandler _org.springframework.integration.errorLogger
2026-03-15T20:54:46.444+01:00  INFO 2788 --- [configdemo] [main] o.s.i.endpoint.EventDrivenConsumer       : Adding {logging-channel-adapter:_org.springframework.integration.errorLogger} as a subscriber to the 'errorChannel' channel
2026-03-15T20:54:46.444+01:00  INFO 2788 --- [configdemo] [main] o.s.i.channel.PublishSubscribeChannel    : Channel 'configdemo.errorChannel' has 1 subscriber(s).
2026-03-15T20:54:46.444+01:00  INFO 2788 --- [configdemo] [main] o.s.i.endpoint.EventDrivenConsumer       : started bean '_org.springframework.integration.errorLogger'
2026-03-15T20:54:46.460+01:00  INFO 2788 --- [configdemo] [main] o.s.c.s.binder.DefaultBinderFactory      : Creating binder: rabbit
2026-03-15T20:54:46.460+01:00  INFO 2788 --- [configdemo] [main] o.s.c.s.binder.DefaultBinderFactory      : Constructing binder child context for rabbit
2026-03-15T20:54:46.624+01:00  INFO 2788 --- [configdemo] [main] o.s.c.s.binder.DefaultBinderFactory      : Caching the binder: rabbit
2026-03-15T20:54:46.644+01:00  INFO 2788 --- [configdemo] [main] c.s.b.r.p.RabbitExchangeQueueProvisioner : declaring queue for inbound: springCloudBus.anonymous.mWgSSDavQ-iVoET7sER1mg, bound to: springCloudBus
2026-03-15T20:54:46.652+01:00  INFO 2788 --- [configdemo] [main] o.s.a.r.c.CachingConnectionFactory       : Attempting to connect to: [localhost:5672]
2026-03-15T20:54:46.740+01:00  INFO 2788 --- [configdemo] [main] o.s.a.r.c.CachingConnectionFactory       : Created new connection: rabbitConnectionFactory#478cc5f1:0/SimpleConnection@3e729d46 [delegate=amqp://guest@127.0.0.1:5672/, localPort=52204]
2026-03-15T20:54:46.820+01:00  INFO 2788 --- [configdemo] [main] o.s.c.stream.binder.BinderErrorChannel   : Channel 'rabbit-1874140695.springCloudBusInput.errors' has 1 subscriber(s).
2026-03-15T20:54:46.821+01:00  INFO 2788 --- [configdemo] [main] o.s.c.stream.binder.BinderErrorChannel   : Channel 'rabbit-1874140695.springCloudBusInput.errors' has 2 subscriber(s).
2026-03-15T20:54:46.857+01:00  INFO 2788 --- [configdemo] [main] o.s.i.a.i.AmqpInboundChannelAdapter      : started bean 'inbound.springCloudBus.anonymous.mWgSSDavQ-iVoET7sER1mg'
2026-03-15T20:54:46.890+01:00  INFO 2788 --- [configdemo] [main] o.s.boot.tomcat.TomcatWebServer          : Tomcat started on port 8080 (http) with context path '/'
2026-03-15T20:54:47.899+01:00  INFO 2788 --- [configdemo] [main] o.s.cloud.commons.util.InetUtils         : Cannot determine local hostname
2026-03-15T20:54:48.909+01:00  INFO 2788 --- [configdemo] [main] o.s.cloud.commons.util.InetUtils         : Cannot determine local hostname
2026-03-15T20:54:48.938+01:00  INFO 2788 --- [configdemo] [main] figuration$IntegrationJmxConfiguration$1 : Registering MessageChannel rabbit-1874140695.springCloudBusInput.errors
2026-03-15T20:54:48.955+01:00  INFO 2788 --- [configdemo] [main] c.info.configdemo.ConfigDemoApplication  : Started ConfigDemoApplication in 17.281 seconds (process running for 18.838)
2026-03-15T20:54:49.138+01:00  INFO 2788 --- [configdemo] [http-nio-8080-exec-1] o.a.c.c.C.[Tomcat].[localhost].[/]       : Initializing Spring DispatcherServlet 'dispatcherServlet'
2026-03-15T20:54:49.138+01:00  INFO 2788 --- [configdemo] [http-nio-8080-exec-1] o.s.web.servlet.DispatcherServlet        : Initializing Servlet 'dispatcherServlet'
2026-03-15T20:54:49.140+01:00  INFO 2788 --- [configdemo] [http-nio-8080-exec-1] o.s.web.servlet.DispatcherServlet        : Completed initialization in 2 ms
2026-03-15T23:21:42.690+01:00  INFO 2788 --- [configdemo] [SpringApplicationShutdownHook] o.s.boot.tomcat.GracefulShutdown         : Commencing graceful shutdown. Waiting for active requests to complete
2026-03-15T23:21:42.707+01:00  INFO 2788 --- [configdemo] [tomcat-shutdown] o.s.boot.tomcat.GracefulShutdown         : Graceful shutdown complete
2026-03-15T23:21:42.755+01:00  INFO 2788 --- [configdemo] [SpringApplicationShutdownHook] o.s.a.r.l.SimpleMessageListenerContainer : Waiting for workers to finish.
2026-03-15T23:21:43.573+01:00  INFO 2788 --- [configdemo] [SpringApplicationShutdownHook] o.s.a.r.l.SimpleMessageListenerContainer : Successfully waited for workers to finish.
2026-03-15T23:21:43.575+01:00  INFO 2788 --- [configdemo] [SpringApplicationShutdownHook] o.s.i.a.i.AmqpInboundChannelAdapter      : stopped bean 'inbound.springCloudBus.anonymous.mWgSSDavQ-iVoET7sER1mg'
2026-03-15T23:21:43.580+01:00  INFO 2788 --- [configdemo] [SpringApplicationShutdownHook] o.s.c.stream.binder.BinderErrorChannel   : Channel 'configdemo.rabbit-1874140695.springCloudBusInput.errors' has 1 subscriber(s).
2026-03-15T23:21:43.583+01:00  INFO 2788 --- [configdemo] [SpringApplicationShutdownHook] o.s.c.stream.binder.BinderErrorChannel   : Channel 'configdemo.rabbit-1874140695.springCloudBusInput.errors' has 0 subscriber(s).
2026-03-15T23:21:43.643+01:00  INFO 2788 --- [configdemo] [SpringApplicationShutdownHook] o.s.i.endpoint.EventDrivenConsumer       : Removing {logging-channel-adapter:_org.springframework.integration.errorLogger} as a subscriber to the 'errorChannel' channel
2026-03-15T23:21:43.643+01:00  INFO 2788 --- [configdemo] [SpringApplicationShutdownHook] o.s.i.channel.PublishSubscribeChannel    : Channel 'configdemo.errorChannel' has 0 subscriber(s).
2026-03-15T23:21:43.644+01:00  INFO 2788 --- [configdemo] [SpringApplicationShutdownHook] o.s.i.endpoint.EventDrivenConsumer       : stopped bean '_org.springframework.integration.errorLogger'
