2026-03-16T16:36:36.757+01:00  INFO 3768 --- [eureka] [main] [                                                 ] com.demo.eureka.EurekaApplication        : Starting EurekaApplication using Java 25.0.2 with PID 3768 (C:\Users\leoga\Formación\Proyectos\Course 1\functionality examples\interservice\eureka\target\classes started by leoga in C:\Users\leoga\Formación\Proyectos\Course 1\functionality examples)
2026-03-16T16:36:36.769+01:00  INFO 3768 --- [eureka] [main] [                                                 ] com.demo.eureka.EurekaApplication        : No active profile set, falling back to 1 default profile: "default"
2026-03-16T16:36:38.267+01:00  INFO 3768 --- [eureka] [main] [                                                 ] o.s.cloud.context.scope.GenericScope     : BeanFactory id=eb8bda9d-3bd0-3ee9-8c1e-15f17ff6edc4
2026-03-16T16:36:38.650+01:00  INFO 3768 --- [eureka] [main] [                                                 ] o.s.boot.tomcat.TomcatWebServer          : Tomcat initialized with port 8761 (http)
2026-03-16T16:36:38.672+01:00  INFO 3768 --- [eureka] [main] [                                                 ] o.apache.catalina.core.StandardService   : Starting service [Tomcat]
2026-03-16T16:36:38.673+01:00  INFO 3768 --- [eureka] [main] [                                                 ] o.apache.catalina.core.StandardEngine    : Starting Servlet engine: [Apache Tomcat/11.0.18]
2026-03-16T16:36:38.886+01:00  INFO 3768 --- [eureka] [main] [                                                 ] b.w.c.s.WebApplicationContextInitializer : Root WebApplicationContext: initialization completed in 2042 ms
2026-03-16T16:36:40.499+01:00  INFO 3768 --- [eureka] [main] [                                                 ] c.n.d.provider.DiscoveryJerseyProvider   : Using JSON encoding codec LegacyJacksonJson
2026-03-16T16:36:40.500+01:00  INFO 3768 --- [eureka] [main] [                                                 ] c.n.d.provider.DiscoveryJerseyProvider   : Using JSON decoding codec LegacyJacksonJson
2026-03-16T16:36:40.791+01:00  INFO 3768 --- [eureka] [main] [                                                 ] c.n.d.provider.DiscoveryJerseyProvider   : Using XML encoding codec XStreamXml
2026-03-16T16:36:40.791+01:00  INFO 3768 --- [eureka] [main] [                                                 ] c.n.d.provider.DiscoveryJerseyProvider   : Using XML decoding codec XStreamXml
2026-03-16T16:36:40.981+01:00  INFO 3768 --- [eureka] [main] [                                                 ] o.s.v.b.OptionalValidatorFactoryBean     : Failed to set up a Bean Validation provider: jakarta.validation.NoProviderFoundException: Unable to create a Configuration, because no Jakarta Validation provider could be found. Add a provider like Hibernate Validator (RI) to your classpath.
2026-03-16T16:36:42.516+01:00  INFO 3768 --- [eureka] [main] [                                                 ] o.s.cloud.commons.util.InetUtils         : Cannot determine local hostname
2026-03-16T16:36:43.876+01:00  INFO 3768 --- [eureka] [main] [                                                 ] o.s.cloud.commons.util.InetUtils         : Cannot determine local hostname
2026-03-16T16:36:43.939+01:00  WARN 3768 --- [eureka] [main] [                                                 ] iguration$LoadBalancerCaffeineWarnLogger : Spring Cloud LoadBalancer is currently working with the default cache. While this cache implementation is useful for development and tests, it's recommended to use Caffeine cache in production.You can switch to using Caffeine cache, by adding it and org.springframework.cache.caffeine.CaffeineCacheManager to the classpath.
2026-03-16T16:36:43.974+01:00  INFO 3768 --- [eureka] [main] [                                                 ] o.s.c.n.eureka.InstanceInfoFactory       : Setting initial instance status as: STARTING
2026-03-16T16:36:44.008+01:00  INFO 3768 --- [eureka] [main] [                                                 ] com.netflix.discovery.DiscoveryClient    : Initializing Eureka in region us-east-1
2026-03-16T16:36:44.009+01:00  INFO 3768 --- [eureka] [main] [                                                 ] com.netflix.discovery.DiscoveryClient    : Client configured to neither register nor query for data.
2026-03-16T16:36:44.014+01:00  INFO 3768 --- [eureka] [main] [                                                 ] com.netflix.discovery.DiscoveryClient    : Discovery Client initialized at timestamp 1773675404012 with initial instances count: 0
2026-03-16T16:36:44.079+01:00  INFO 3768 --- [eureka] [main] [                                                 ] c.n.eureka.DefaultEurekaServerContext    : Initializing ...
2026-03-16T16:36:44.081+01:00  WARN 3768 --- [eureka] [main] [                                                 ] c.n.eureka.cluster.PeerEurekaNodes       : The replica size seems to be empty. Check the route 53 DNS Registry
2026-03-16T16:36:44.099+01:00  INFO 3768 --- [eureka] [main] [                                                 ] c.n.e.registry.AbstractInstanceRegistry  : Finished initializing remote region registries. All known remote regions: []
2026-03-16T16:36:44.099+01:00  INFO 3768 --- [eureka] [main] [                                                 ] c.n.eureka.DefaultEurekaServerContext    : Initialized
2026-03-16T16:36:44.113+01:00  INFO 3768 --- [eureka] [main] [                                                 ] o.s.b.a.e.web.EndpointLinksResolver      : Exposing 18 endpoints beneath base path '/actuator'
2026-03-16T16:36:44.212+01:00  INFO 3768 --- [eureka] [main] [                                                 ] o.s.c.n.e.s.EurekaServiceRegistry        : Registering application EUREKA with eureka with status UP
2026-03-16T16:36:44.227+01:00  INFO 3768 --- [eureka] [main] [                                                 ] o.s.boot.tomcat.TomcatWebServer          : Tomcat started on port 8761 (http) with context path '/'
2026-03-16T16:36:44.228+01:00  INFO 3768 --- [eureka] [main] [                                                 ] .s.c.n.e.s.EurekaAutoServiceRegistration : Updating port to 8761
2026-03-16T16:36:44.232+01:00  INFO 3768 --- [eureka] [Thread-10] [                                                 ] o.s.c.n.e.server.EurekaServerBootstrap   : isAws returned false
2026-03-16T16:36:44.233+01:00  INFO 3768 --- [eureka] [Thread-10] [                                                 ] o.s.c.n.e.server.EurekaServerBootstrap   : Initialized server context
2026-03-16T16:36:44.233+01:00  INFO 3768 --- [eureka] [Thread-10] [                                                 ] c.n.e.r.PeerAwareInstanceRegistryImpl    : Got 1 instances from neighboring DS node
2026-03-16T16:36:44.233+01:00  INFO 3768 --- [eureka] [Thread-10] [                                                 ] c.n.e.r.PeerAwareInstanceRegistryImpl    : Renew threshold is: 1
2026-03-16T16:36:44.233+01:00  INFO 3768 --- [eureka] [Thread-10] [                                                 ] c.n.e.r.PeerAwareInstanceRegistryImpl    : Changing status to UP
2026-03-16T16:36:44.236+01:00  INFO 3768 --- [eureka] [Thread-10] [                                                 ] e.s.EurekaServerInitializerConfiguration : Started Eureka Server
2026-03-16T16:36:45.234+01:00  INFO 3768 --- [eureka] [main] [                                                 ] o.s.cloud.commons.util.InetUtils         : Cannot determine local hostname
2026-03-16T16:36:45.256+01:00  INFO 3768 --- [eureka] [main] [                                                 ] com.demo.eureka.EurekaApplication        : Started EurekaApplication in 10.248 seconds (process running for 12.057)
2026-03-16T16:36:45.288+01:00  INFO 3768 --- [eureka] [http-nio-8761-exec-1] [                                                 ] o.a.c.c.C.[Tomcat].[localhost].[/]       : Initializing Spring DispatcherServlet 'dispatcherServlet'
2026-03-16T16:36:45.289+01:00  INFO 3768 --- [eureka] [http-nio-8761-exec-1] [                                                 ] o.s.web.servlet.DispatcherServlet        : Initializing Servlet 'dispatcherServlet'
2026-03-16T16:36:45.291+01:00  INFO 3768 --- [eureka] [http-nio-8761-exec-1] [                                                 ] o.s.web.servlet.DispatcherServlet        : Completed initialization in 1 ms
2026-03-16T16:36:58.573+01:00  INFO 3768 --- [eureka] [http-nio-8761-exec-7] [69b8239a763ca3014243f6bcb709b29a-4243f6bcb709b29a] c.n.e.registry.AbstractInstanceRegistry  : Registered instance PROVIDER/localhost:provider:8081 with status UP (replication=false)
2026-03-16T16:37:11.593+01:00  INFO 3768 --- [eureka] [http-nio-8761-exec-3] [69b823a713b758b991400c10d8d0a4bc-91400c10d8d0a4bc] c.n.e.registry.AbstractInstanceRegistry  : Registered instance PROVIDER/localhost:provider:8082 with status UP (replication=false)
2026-03-16T16:37:24.390+01:00  INFO 3768 --- [eureka] [http-nio-8761-exec-6] [69b823b4156c13b428ba54836034d8ac-28ba54836034d8ac] c.n.e.registry.AbstractInstanceRegistry  : Registered instance CONSUMER/localhost:consumer:8079 with status UP (replication=false)
2026-03-16T16:37:44.234+01:00  INFO 3768 --- [eureka] [Eureka-EvictionTimer] [                                                 ] c.n.e.registry.AbstractInstanceRegistry  : Running the evict task with compensationTime 0ms
2026-03-16T16:38:44.235+01:00  INFO 3768 --- [eureka] [Eureka-EvictionTimer] [                                                 ] c.n.e.registry.AbstractInstanceRegistry  : Running the evict task with compensationTime 1ms
2026-03-16T16:39:44.235+01:00  INFO 3768 --- [eureka] [Eureka-EvictionTimer] [                                                 ] c.n.e.registry.AbstractInstanceRegistry  : Running the evict task with compensationTime 0ms
2026-03-16T16:40:44.236+01:00  INFO 3768 --- [eureka] [Eureka-EvictionTimer] [                                                 ] c.n.e.registry.AbstractInstanceRegistry  : Running the evict task with compensationTime 0ms
2026-03-16T16:41:44.236+01:00  INFO 3768 --- [eureka] [Eureka-EvictionTimer] [                                                 ] c.n.e.registry.AbstractInstanceRegistry  : Running the evict task with compensationTime 0ms
2026-03-16T16:42:44.236+01:00  INFO 3768 --- [eureka] [Eureka-EvictionTimer] [                                                 ] c.n.e.registry.AbstractInstanceRegistry  : Running the evict task with compensationTime 0ms
2026-03-16T16:43:44.237+01:00  INFO 3768 --- [eureka] [Eureka-EvictionTimer] [                                                 ] c.n.e.registry.AbstractInstanceRegistry  : Running the evict task with compensationTime 0ms
2026-03-16T16:44:44.237+01:00  INFO 3768 --- [eureka] [Eureka-EvictionTimer] [                                                 ] c.n.e.registry.AbstractInstanceRegistry  : Running the evict task with compensationTime 0ms
2026-03-16T16:45:44.237+01:00  INFO 3768 --- [eureka] [Eureka-EvictionTimer] [                                                 ] c.n.e.registry.AbstractInstanceRegistry  : Running the evict task with compensationTime 0ms
2026-03-16T16:46:44.083+01:00  WARN 3768 --- [eureka] [Eureka-PeerNodesUpdater] [                                                 ] c.n.eureka.cluster.PeerEurekaNodes       : The replica size seems to be empty. Check the route 53 DNS Registry
2026-03-16T16:46:44.238+01:00  INFO 3768 --- [eureka] [Eureka-EvictionTimer] [                                                 ] c.n.e.registry.AbstractInstanceRegistry  : Running the evict task with compensationTime 0ms
2026-03-16T16:47:44.239+01:00  INFO 3768 --- [eureka] [Eureka-EvictionTimer] [                                                 ] c.n.e.registry.AbstractInstanceRegistry  : Running the evict task with compensationTime 0ms
2026-03-16T16:48:44.239+01:00  INFO 3768 --- [eureka] [Eureka-EvictionTimer] [                                                 ] c.n.e.registry.AbstractInstanceRegistry  : Running the evict task with compensationTime 0ms
2026-03-16T16:49:44.240+01:00  INFO 3768 --- [eureka] [Eureka-EvictionTimer] [                                                 ] c.n.e.registry.AbstractInstanceRegistry  : Running the evict task with compensationTime 0ms
2026-03-16T16:50:44.241+01:00  INFO 3768 --- [eureka] [Eureka-EvictionTimer] [                                                 ] c.n.e.registry.AbstractInstanceRegistry  : Running the evict task with compensationTime 0ms
2026-03-16T16:51:44.099+01:00  INFO 3768 --- [eureka] [ReplicaAwareInstanceRegistry - RenewalThresholdUpdater] [                                                 ] c.n.e.r.PeerAwareInstanceRegistryImpl    : Current renewal threshold is : 6
2026-03-16T16:51:44.242+01:00  INFO 3768 --- [eureka] [Eureka-EvictionTimer] [                                                 ] c.n.e.registry.AbstractInstanceRegistry  : Running the evict task with compensationTime 0ms
2026-03-16T16:52:44.242+01:00  INFO 3768 --- [eureka] [Eureka-EvictionTimer] [                                                 ] c.n.e.registry.AbstractInstanceRegistry  : Running the evict task with compensationTime 0ms
2026-03-16T16:53:44.243+01:00  INFO 3768 --- [eureka] [Eureka-EvictionTimer] [                                                 ] c.n.e.registry.AbstractInstanceRegistry  : Running the evict task with compensationTime 0ms
2026-03-16T16:54:44.244+01:00  INFO 3768 --- [eureka] [Eureka-EvictionTimer] [                                                 ] c.n.e.registry.AbstractInstanceRegistry  : Running the evict task with compensationTime 1ms
2026-03-16T16:55:44.244+01:00  INFO 3768 --- [eureka] [Eureka-EvictionTimer] [                                                 ] c.n.e.registry.AbstractInstanceRegistry  : Running the evict task with compensationTime 0ms
2026-03-16T16:56:44.084+01:00  WARN 3768 --- [eureka] [Eureka-PeerNodesUpdater] [                                                 ] c.n.eureka.cluster.PeerEurekaNodes       : The replica size seems to be empty. Check the route 53 DNS Registry
2026-03-16T16:56:44.245+01:00  INFO 3768 --- [eureka] [Eureka-EvictionTimer] [                                                 ] c.n.e.registry.AbstractInstanceRegistry  : Running the evict task with compensationTime 0ms
2026-03-16T16:57:44.246+01:00  INFO 3768 --- [eureka] [Eureka-EvictionTimer] [                                                 ] c.n.e.registry.AbstractInstanceRegistry  : Running the evict task with compensationTime 0ms
2026-03-16T16:58:44.246+01:00  INFO 3768 --- [eureka] [Eureka-EvictionTimer] [                                                 ] c.n.e.registry.AbstractInstanceRegistry  : Running the evict task with compensationTime 0ms
2026-03-16T16:59:44.246+01:00  INFO 3768 --- [eureka] [Eureka-EvictionTimer] [                                                 ] c.n.e.registry.AbstractInstanceRegistry  : Running the evict task with compensationTime 0ms
2026-03-16T17:00:44.247+01:00  INFO 3768 --- [eureka] [Eureka-EvictionTimer] [                                                 ] c.n.e.registry.AbstractInstanceRegistry  : Running the evict task with compensationTime 0ms
2026-03-16T17:01:44.247+01:00  INFO 3768 --- [eureka] [Eureka-EvictionTimer] [                                                 ] c.n.e.registry.AbstractInstanceRegistry  : Running the evict task with compensationTime 0ms
2026-03-16T17:02:44.248+01:00  INFO 3768 --- [eureka] [Eureka-EvictionTimer] [                                                 ] c.n.e.registry.AbstractInstanceRegistry  : Running the evict task with compensationTime 0ms
2026-03-16T17:03:44.248+01:00  INFO 3768 --- [eureka] [Eureka-EvictionTimer] [                                                 ] c.n.e.registry.AbstractInstanceRegistry  : Running the evict task with compensationTime 0ms
2026-03-16T17:04:44.248+01:00  INFO 3768 --- [eureka] [Eureka-EvictionTimer] [                                                 ] c.n.e.registry.AbstractInstanceRegistry  : Running the evict task with compensationTime 0ms
2026-03-16T17:05:08.659+01:00  INFO 3768 --- [eureka] [http-nio-8761-exec-1] [69b82a34414fc10276b017f6fe32ac32-76b017f6fe32ac32] c.n.e.registry.AbstractInstanceRegistry  : Registered instance CONSUMER/localhost:consumer:8079 with status DOWN (replication=false)
2026-03-16T17:05:13.935+01:00  INFO 3768 --- [eureka] [http-nio-8761-exec-9] [69b82a3938cfa91cc2ce7378bcf8f089-c2ce7378bcf8f089] c.n.e.registry.AbstractInstanceRegistry  : Cancelled instance CONSUMER/localhost:consumer:8079 (replication=false)
2026-03-16T17:05:31.363+01:00  INFO 3768 --- [eureka] [http-nio-8761-exec-6] [69b82a4b8207e97e07985174dd408560-07985174dd408560] c.n.e.registry.AbstractInstanceRegistry  : Registered instance CONSUMER/localhost:consumer:8079 with status UP (replication=false)
2026-03-16T17:05:44.248+01:00  INFO 3768 --- [eureka] [Eureka-EvictionTimer] [                                                 ] c.n.e.registry.AbstractInstanceRegistry  : Running the evict task with compensationTime 0ms
2026-03-16T17:06:44.085+01:00  WARN 3768 --- [eureka] [Eureka-PeerNodesUpdater] [                                                 ] c.n.eureka.cluster.PeerEurekaNodes       : The replica size seems to be empty. Check the route 53 DNS Registry
2026-03-16T17:06:44.100+01:00  INFO 3768 --- [eureka] [ReplicaAwareInstanceRegistry - RenewalThresholdUpdater] [                                                 ] c.n.e.r.PeerAwareInstanceRegistryImpl    : Current renewal threshold is : 6
2026-03-16T17:06:44.248+01:00  INFO 3768 --- [eureka] [Eureka-EvictionTimer] [                                                 ] c.n.e.registry.AbstractInstanceRegistry  : Running the evict task with compensationTime 0ms
2026-03-16T17:07:44.248+01:00  INFO 3768 --- [eureka] [Eureka-EvictionTimer] [                                                 ] c.n.e.registry.AbstractInstanceRegistry  : Running the evict task with compensationTime 0ms
2026-03-16T17:08:44.249+01:00  INFO 3768 --- [eureka] [Eureka-EvictionTimer] [                                                 ] c.n.e.registry.AbstractInstanceRegistry  : Running the evict task with compensationTime 0ms
2026-03-16T17:09:44.249+01:00  INFO 3768 --- [eureka] [Eureka-EvictionTimer] [                                                 ] c.n.e.registry.AbstractInstanceRegistry  : Running the evict task with compensationTime 0ms
2026-03-16T17:10:44.249+01:00  INFO 3768 --- [eureka] [Eureka-EvictionTimer] [                                                 ] c.n.e.registry.AbstractInstanceRegistry  : Running the evict task with compensationTime 0ms
2026-03-16T17:11:44.249+01:00  INFO 3768 --- [eureka] [Eureka-EvictionTimer] [                                                 ] c.n.e.registry.AbstractInstanceRegistry  : Running the evict task with compensationTime 0ms
2026-03-16T17:12:44.250+01:00  INFO 3768 --- [eureka] [Eureka-EvictionTimer] [                                                 ] c.n.e.registry.AbstractInstanceRegistry  : Running the evict task with compensationTime 0ms
2026-03-16T17:13:44.250+01:00  INFO 3768 --- [eureka] [Eureka-EvictionTimer] [                                                 ] c.n.e.registry.AbstractInstanceRegistry  : Running the evict task with compensationTime 0ms
2026-03-16T17:14:44.250+01:00  INFO 3768 --- [eureka] [Eureka-EvictionTimer] [                                                 ] c.n.e.registry.AbstractInstanceRegistry  : Running the evict task with compensationTime 0ms
2026-03-16T17:15:44.251+01:00  INFO 3768 --- [eureka] [Eureka-EvictionTimer] [                                                 ] c.n.e.registry.AbstractInstanceRegistry  : Running the evict task with compensationTime 0ms
2026-03-16T17:16:44.087+01:00  WARN 3768 --- [eureka] [Eureka-PeerNodesUpdater] [                                                 ] c.n.eureka.cluster.PeerEurekaNodes       : The replica size seems to be empty. Check the route 53 DNS Registry
2026-03-16T17:16:44.252+01:00  INFO 3768 --- [eureka] [Eureka-EvictionTimer] [                                                 ] c.n.e.registry.AbstractInstanceRegistry  : Running the evict task with compensationTime 0ms
2026-03-16T17:17:44.252+01:00  INFO 3768 --- [eureka] [Eureka-EvictionTimer] [                                                 ] c.n.e.registry.AbstractInstanceRegistry  : Running the evict task with compensationTime 0ms
2026-03-16T17:18:44.253+01:00  INFO 3768 --- [eureka] [Eureka-EvictionTimer] [                                                 ] c.n.e.registry.AbstractInstanceRegistry  : Running the evict task with compensationTime 0ms
2026-03-16T17:19:44.254+01:00  INFO 3768 --- [eureka] [Eureka-EvictionTimer] [                                                 ] c.n.e.registry.AbstractInstanceRegistry  : Running the evict task with compensationTime 0ms
2026-03-16T17:20:44.254+01:00  INFO 3768 --- [eureka] [Eureka-EvictionTimer] [                                                 ] c.n.e.registry.AbstractInstanceRegistry  : Running the evict task with compensationTime 0ms
2026-03-16T17:21:44.100+01:00  INFO 3768 --- [eureka] [ReplicaAwareInstanceRegistry - RenewalThresholdUpdater] [                                                 ] c.n.e.r.PeerAwareInstanceRegistryImpl    : Current renewal threshold is : 6
2026-03-16T17:21:44.254+01:00  INFO 3768 --- [eureka] [Eureka-EvictionTimer] [                                                 ] c.n.e.registry.AbstractInstanceRegistry  : Running the evict task with compensationTime 0ms
2026-03-16T17:22:44.254+01:00  INFO 3768 --- [eureka] [Eureka-EvictionTimer] [                                                 ] c.n.e.registry.AbstractInstanceRegistry  : Running the evict task with compensationTime 0ms
2026-03-16T17:23:44.256+01:00  INFO 3768 --- [eureka] [Eureka-EvictionTimer] [                                                 ] c.n.e.registry.AbstractInstanceRegistry  : Running the evict task with compensationTime 1ms
2026-03-16T17:24:44.256+01:00  INFO 3768 --- [eureka] [Eureka-EvictionTimer] [                                                 ] c.n.e.registry.AbstractInstanceRegistry  : Running the evict task with compensationTime 0ms
2026-03-16T17:25:44.257+01:00  INFO 3768 --- [eureka] [Eureka-EvictionTimer] [                                                 ] c.n.e.registry.AbstractInstanceRegistry  : Running the evict task with compensationTime 0ms
2026-03-16T17:26:44.087+01:00  WARN 3768 --- [eureka] [Eureka-PeerNodesUpdater] [                                                 ] c.n.eureka.cluster.PeerEurekaNodes       : The replica size seems to be empty. Check the route 53 DNS Registry
2026-03-16T17:26:44.257+01:00  INFO 3768 --- [eureka] [Eureka-EvictionTimer] [                                                 ] c.n.e.registry.AbstractInstanceRegistry  : Running the evict task with compensationTime 0ms
2026-03-16T17:27:44.257+01:00  INFO 3768 --- [eureka] [Eureka-EvictionTimer] [                                                 ] c.n.e.registry.AbstractInstanceRegistry  : Running the evict task with compensationTime 0ms
2026-03-16T17:28:44.258+01:00  INFO 3768 --- [eureka] [Eureka-EvictionTimer] [                                                 ] c.n.e.registry.AbstractInstanceRegistry  : Running the evict task with compensationTime 0ms
2026-03-16T17:29:44.258+01:00  INFO 3768 --- [eureka] [Eureka-EvictionTimer] [                                                 ] c.n.e.registry.AbstractInstanceRegistry  : Running the evict task with compensationTime 0ms
2026-03-16T17:30:44.259+01:00  INFO 3768 --- [eureka] [Eureka-EvictionTimer] [                                                 ] c.n.e.registry.AbstractInstanceRegistry  : Running the evict task with compensationTime 0ms
2026-03-16T17:31:44.260+01:00  INFO 3768 --- [eureka] [Eureka-EvictionTimer] [                                                 ] c.n.e.registry.AbstractInstanceRegistry  : Running the evict task with compensationTime 0ms
2026-03-16T17:32:44.261+01:00  INFO 3768 --- [eureka] [Eureka-EvictionTimer] [                                                 ] c.n.e.registry.AbstractInstanceRegistry  : Running the evict task with compensationTime 0ms
2026-03-16T17:33:44.261+01:00  INFO 3768 --- [eureka] [Eureka-EvictionTimer] [                                                 ] c.n.e.registry.AbstractInstanceRegistry  : Running the evict task with compensationTime 0ms
2026-03-16T17:34:44.262+01:00  INFO 3768 --- [eureka] [Eureka-EvictionTimer] [                                                 ] c.n.e.registry.AbstractInstanceRegistry  : Running the evict task with compensationTime 1ms
2026-03-16T17:35:44.263+01:00  INFO 3768 --- [eureka] [Eureka-EvictionTimer] [                                                 ] c.n.e.registry.AbstractInstanceRegistry  : Running the evict task with compensationTime 0ms
2026-03-16T17:36:44.089+01:00  WARN 3768 --- [eureka] [Eureka-PeerNodesUpdater] [                                                 ] c.n.eureka.cluster.PeerEurekaNodes       : The replica size seems to be empty. Check the route 53 DNS Registry
2026-03-16T17:36:44.101+01:00  INFO 3768 --- [eureka] [ReplicaAwareInstanceRegistry - RenewalThresholdUpdater] [                                                 ] c.n.e.r.PeerAwareInstanceRegistryImpl    : Current renewal threshold is : 6
2026-03-16T17:36:44.263+01:00  INFO 3768 --- [eureka] [Eureka-EvictionTimer] [                                                 ] c.n.e.registry.AbstractInstanceRegistry  : Running the evict task with compensationTime 0ms
2026-03-16T17:37:44.263+01:00  INFO 3768 --- [eureka] [Eureka-EvictionTimer] [                                                 ] c.n.e.registry.AbstractInstanceRegistry  : Running the evict task with compensationTime 0ms
2026-03-16T17:38:44.264+01:00  INFO 3768 --- [eureka] [Eureka-EvictionTimer] [                                                 ] c.n.e.registry.AbstractInstanceRegistry  : Running the evict task with compensationTime 0ms
2026-03-16T17:39:44.265+01:00  INFO 3768 --- [eureka] [Eureka-EvictionTimer] [                                                 ] c.n.e.registry.AbstractInstanceRegistry  : Running the evict task with compensationTime 0ms
2026-03-16T17:40:44.266+01:00  INFO 3768 --- [eureka] [Eureka-EvictionTimer] [                                                 ] c.n.e.registry.AbstractInstanceRegistry  : Running the evict task with compensationTime 0ms
2026-03-16T17:41:44.266+01:00  INFO 3768 --- [eureka] [Eureka-EvictionTimer] [                                                 ] c.n.e.registry.AbstractInstanceRegistry  : Running the evict task with compensationTime 0ms
2026-03-16T17:42:44.266+01:00  INFO 3768 --- [eureka] [Eureka-EvictionTimer] [                                                 ] c.n.e.registry.AbstractInstanceRegistry  : Running the evict task with compensationTime 0ms
2026-03-16T17:43:44.266+01:00  INFO 3768 --- [eureka] [Eureka-EvictionTimer] [                                                 ] c.n.e.registry.AbstractInstanceRegistry  : Running the evict task with compensationTime 0ms
2026-03-16T17:44:44.267+01:00  INFO 3768 --- [eureka] [Eureka-EvictionTimer] [                                                 ] c.n.e.registry.AbstractInstanceRegistry  : Running the evict task with compensationTime 0ms
2026-03-16T17:45:44.267+01:00  INFO 3768 --- [eureka] [Eureka-EvictionTimer] [                                                 ] c.n.e.registry.AbstractInstanceRegistry  : Running the evict task with compensationTime 0ms
2026-03-16T17:46:44.090+01:00  WARN 3768 --- [eureka] [Eureka-PeerNodesUpdater] [                                                 ] c.n.eureka.cluster.PeerEurekaNodes       : The replica size seems to be empty. Check the route 53 DNS Registry
2026-03-16T17:46:44.267+01:00  INFO 3768 --- [eureka] [Eureka-EvictionTimer] [                                                 ] c.n.e.registry.AbstractInstanceRegistry  : Running the evict task with compensationTime 0ms
2026-03-16T17:47:44.268+01:00  INFO 3768 --- [eureka] [Eureka-EvictionTimer] [                                                 ] c.n.e.registry.AbstractInstanceRegistry  : Running the evict task with compensationTime 0ms
2026-03-16T17:48:44.268+01:00  INFO 3768 --- [eureka] [Eureka-EvictionTimer] [                                                 ] c.n.e.registry.AbstractInstanceRegistry  : Running the evict task with compensationTime 0ms
2026-03-16T17:49:44.268+01:00  INFO 3768 --- [eureka] [Eureka-EvictionTimer] [                                                 ] c.n.e.registry.AbstractInstanceRegistry  : Running the evict task with compensationTime 0ms
2026-03-16T17:50:44.268+01:00  INFO 3768 --- [eureka] [Eureka-EvictionTimer] [                                                 ] c.n.e.registry.AbstractInstanceRegistry  : Running the evict task with compensationTime 0ms
2026-03-16T17:51:44.101+01:00  INFO 3768 --- [eureka] [ReplicaAwareInstanceRegistry - RenewalThresholdUpdater] [                                                 ] c.n.e.r.PeerAwareInstanceRegistryImpl    : Current renewal threshold is : 6
2026-03-16T17:51:44.268+01:00  INFO 3768 --- [eureka] [Eureka-EvictionTimer] [                                                 ] c.n.e.registry.AbstractInstanceRegistry  : Running the evict task with compensationTime 0ms
2026-03-16T17:52:44.268+01:00  INFO 3768 --- [eureka] [Eureka-EvictionTimer] [                                                 ] c.n.e.registry.AbstractInstanceRegistry  : Running the evict task with compensationTime 0ms
2026-03-16T17:53:44.269+01:00  INFO 3768 --- [eureka] [Eureka-EvictionTimer] [                                                 ] c.n.e.registry.AbstractInstanceRegistry  : Running the evict task with compensationTime 0ms
2026-03-16T17:54:44.269+01:00  INFO 3768 --- [eureka] [Eureka-EvictionTimer] [                                                 ] c.n.e.registry.AbstractInstanceRegistry  : Running the evict task with compensationTime 0ms
2026-03-16T17:55:44.270+01:00  INFO 3768 --- [eureka] [Eureka-EvictionTimer] [                                                 ] c.n.e.registry.AbstractInstanceRegistry  : Running the evict task with compensationTime 0ms
2026-03-16T17:56:44.092+01:00  WARN 3768 --- [eureka] [Eureka-PeerNodesUpdater] [                                                 ] c.n.eureka.cluster.PeerEurekaNodes       : The replica size seems to be empty. Check the route 53 DNS Registry
2026-03-16T17:56:44.270+01:00  INFO 3768 --- [eureka] [Eureka-EvictionTimer] [                                                 ] c.n.e.registry.AbstractInstanceRegistry  : Running the evict task with compensationTime 0ms
2026-03-16T17:57:44.271+01:00  INFO 3768 --- [eureka] [Eureka-EvictionTimer] [                                                 ] c.n.e.registry.AbstractInstanceRegistry  : Running the evict task with compensationTime 1ms
2026-03-16T17:58:44.272+01:00  INFO 3768 --- [eureka] [Eureka-EvictionTimer] [                                                 ] c.n.e.registry.AbstractInstanceRegistry  : Running the evict task with compensationTime 0ms
2026-03-16T17:59:44.272+01:00  INFO 3768 --- [eureka] [Eureka-EvictionTimer] [                                                 ] c.n.e.registry.AbstractInstanceRegistry  : Running the evict task with compensationTime 0ms
2026-03-16T18:00:44.273+01:00  INFO 3768 --- [eureka] [Eureka-EvictionTimer] [                                                 ] c.n.e.registry.AbstractInstanceRegistry  : Running the evict task with compensationTime 0ms
2026-03-16T18:01:44.273+01:00  INFO 3768 --- [eureka] [Eureka-EvictionTimer] [                                                 ] c.n.e.registry.AbstractInstanceRegistry  : Running the evict task with compensationTime 0ms
2026-03-16T18:02:44.273+01:00  INFO 3768 --- [eureka] [Eureka-EvictionTimer] [                                                 ] c.n.e.registry.AbstractInstanceRegistry  : Running the evict task with compensationTime 0ms
2026-03-16T18:03:44.274+01:00  INFO 3768 --- [eureka] [Eureka-EvictionTimer] [                                                 ] c.n.e.registry.AbstractInstanceRegistry  : Running the evict task with compensationTime 0ms
2026-03-16T18:04:44.275+01:00  INFO 3768 --- [eureka] [Eureka-EvictionTimer] [                                                 ] c.n.e.registry.AbstractInstanceRegistry  : Running the evict task with compensationTime 0ms
2026-03-16T18:05:44.275+01:00  INFO 3768 --- [eureka] [Eureka-EvictionTimer] [                                                 ] c.n.e.registry.AbstractInstanceRegistry  : Running the evict task with compensationTime 0ms
2026-03-16T18:06:44.094+01:00  WARN 3768 --- [eureka] [Eureka-PeerNodesUpdater] [                                                 ] c.n.eureka.cluster.PeerEurekaNodes       : The replica size seems to be empty. Check the route 53 DNS Registry
2026-03-16T18:06:44.101+01:00  INFO 3768 --- [eureka] [ReplicaAwareInstanceRegistry - RenewalThresholdUpdater] [                                                 ] c.n.e.r.PeerAwareInstanceRegistryImpl    : Current renewal threshold is : 6
2026-03-16T18:06:44.275+01:00  INFO 3768 --- [eureka] [Eureka-EvictionTimer] [                                                 ] c.n.e.registry.AbstractInstanceRegistry  : Running the evict task with compensationTime 0ms
2026-03-16T18:07:44.275+01:00  INFO 3768 --- [eureka] [Eureka-EvictionTimer] [                                                 ] c.n.e.registry.AbstractInstanceRegistry  : Running the evict task with compensationTime 0ms
2026-03-16T18:08:44.275+01:00  INFO 3768 --- [eureka] [Eureka-EvictionTimer] [                                                 ] c.n.e.registry.AbstractInstanceRegistry  : Running the evict task with compensationTime 0ms
2026-03-16T18:09:44.276+01:00  INFO 3768 --- [eureka] [Eureka-EvictionTimer] [                                                 ] c.n.e.registry.AbstractInstanceRegistry  : Running the evict task with compensationTime 0ms
2026-03-16T18:10:44.276+01:00  INFO 3768 --- [eureka] [Eureka-EvictionTimer] [                                                 ] c.n.e.registry.AbstractInstanceRegistry  : Running the evict task with compensationTime 0ms
2026-03-16T18:11:44.276+01:00  INFO 3768 --- [eureka] [Eureka-EvictionTimer] [                                                 ] c.n.e.registry.AbstractInstanceRegistry  : Running the evict task with compensationTime 0ms
2026-03-16T18:12:44.276+01:00  INFO 3768 --- [eureka] [Eureka-EvictionTimer] [                                                 ] c.n.e.registry.AbstractInstanceRegistry  : Running the evict task with compensationTime 0ms
2026-03-16T18:13:44.277+01:00  INFO 3768 --- [eureka] [Eureka-EvictionTimer] [                                                 ] c.n.e.registry.AbstractInstanceRegistry  : Running the evict task with compensationTime 0ms
2026-03-16T18:14:44.277+01:00  INFO 3768 --- [eureka] [Eureka-EvictionTimer] [                                                 ] c.n.e.registry.AbstractInstanceRegistry  : Running the evict task with compensationTime 0ms
2026-03-16T18:15:44.277+01:00  INFO 3768 --- [eureka] [Eureka-EvictionTimer] [                                                 ] c.n.e.registry.AbstractInstanceRegistry  : Running the evict task with compensationTime 0ms
2026-03-16T18:16:44.095+01:00  WARN 3768 --- [eureka] [Eureka-PeerNodesUpdater] [                                                 ] c.n.eureka.cluster.PeerEurekaNodes       : The replica size seems to be empty. Check the route 53 DNS Registry
2026-03-16T18:16:44.277+01:00  INFO 3768 --- [eureka] [Eureka-EvictionTimer] [                                                 ] c.n.e.registry.AbstractInstanceRegistry  : Running the evict task with compensationTime 0ms
2026-03-16T18:17:44.278+01:00  INFO 3768 --- [eureka] [Eureka-EvictionTimer] [                                                 ] c.n.e.registry.AbstractInstanceRegistry  : Running the evict task with compensationTime 0ms
2026-03-16T18:18:44.277+01:00  INFO 3768 --- [eureka] [Eureka-EvictionTimer] [                                                 ] c.n.e.registry.AbstractInstanceRegistry  : Running the evict task with compensationTime 0ms
2026-03-16T18:19:44.277+01:00  INFO 3768 --- [eureka] [Eureka-EvictionTimer] [                                                 ] c.n.e.registry.AbstractInstanceRegistry  : Running the evict task with compensationTime 0ms
2026-03-16T18:20:44.278+01:00  INFO 3768 --- [eureka] [Eureka-EvictionTimer] [                                                 ] c.n.e.registry.AbstractInstanceRegistry  : Running the evict task with compensationTime 0ms
2026-03-16T18:21:44.101+01:00  INFO 3768 --- [eureka] [ReplicaAwareInstanceRegistry - RenewalThresholdUpdater] [                                                 ] c.n.e.r.PeerAwareInstanceRegistryImpl    : Current renewal threshold is : 6
2026-03-16T18:21:44.278+01:00  INFO 3768 --- [eureka] [Eureka-EvictionTimer] [                                                 ] c.n.e.registry.AbstractInstanceRegistry  : Running the evict task with compensationTime 0ms
2026-03-16T18:22:44.279+01:00  INFO 3768 --- [eureka] [Eureka-EvictionTimer] [                                                 ] c.n.e.registry.AbstractInstanceRegistry  : Running the evict task with compensationTime 0ms
2026-03-16T18:23:44.279+01:00  INFO 3768 --- [eureka] [Eureka-EvictionTimer] [                                                 ] c.n.e.registry.AbstractInstanceRegistry  : Running the evict task with compensationTime 0ms
2026-03-16T18:24:44.279+01:00  INFO 3768 --- [eureka] [Eureka-EvictionTimer] [                                                 ] c.n.e.registry.AbstractInstanceRegistry  : Running the evict task with compensationTime 0ms
2026-03-16T18:25:44.280+01:00  INFO 3768 --- [eureka] [Eureka-EvictionTimer] [                                                 ] c.n.e.registry.AbstractInstanceRegistry  : Running the evict task with compensationTime 0ms
2026-03-16T18:26:44.096+01:00  WARN 3768 --- [eureka] [Eureka-PeerNodesUpdater] [                                                 ] c.n.eureka.cluster.PeerEurekaNodes       : The replica size seems to be empty. Check the route 53 DNS Registry
2026-03-16T18:26:44.281+01:00  INFO 3768 --- [eureka] [Eureka-EvictionTimer] [                                                 ] c.n.e.registry.AbstractInstanceRegistry  : Running the evict task with compensationTime 0ms
2026-03-16T18:27:44.281+01:00  INFO 3768 --- [eureka] [Eureka-EvictionTimer] [                                                 ] c.n.e.registry.AbstractInstanceRegistry  : Running the evict task with compensationTime 0ms
2026-03-16T18:28:44.281+01:00  INFO 3768 --- [eureka] [Eureka-EvictionTimer] [                                                 ] c.n.e.registry.AbstractInstanceRegistry  : Running the evict task with compensationTime 0ms
2026-03-16T18:29:44.282+01:00  INFO 3768 --- [eureka] [Eureka-EvictionTimer] [                                                 ] c.n.e.registry.AbstractInstanceRegistry  : Running the evict task with compensationTime 0ms
2026-03-16T18:30:44.282+01:00  INFO 3768 --- [eureka] [Eureka-EvictionTimer] [                                                 ] c.n.e.registry.AbstractInstanceRegistry  : Running the evict task with compensationTime 0ms
2026-03-16T18:31:44.283+01:00  INFO 3768 --- [eureka] [Eureka-EvictionTimer] [                                                 ] c.n.e.registry.AbstractInstanceRegistry  : Running the evict task with compensationTime 0ms
2026-03-16T18:32:44.283+01:00  INFO 3768 --- [eureka] [Eureka-EvictionTimer] [                                                 ] c.n.e.registry.AbstractInstanceRegistry  : Running the evict task with compensationTime 0ms
2026-03-16T18:33:44.284+01:00  INFO 3768 --- [eureka] [Eureka-EvictionTimer] [                                                 ] c.n.e.registry.AbstractInstanceRegistry  : Running the evict task with compensationTime 0ms
2026-03-16T18:34:44.284+01:00  INFO 3768 --- [eureka] [Eureka-EvictionTimer] [                                                 ] c.n.e.registry.AbstractInstanceRegistry  : Running the evict task with compensationTime 0ms
2026-03-16T18:35:44.285+01:00  INFO 3768 --- [eureka] [Eureka-EvictionTimer] [                                                 ] c.n.e.registry.AbstractInstanceRegistry  : Running the evict task with compensationTime 0ms
2026-03-16T18:36:44.097+01:00  WARN 3768 --- [eureka] [Eureka-PeerNodesUpdater] [                                                 ] c.n.eureka.cluster.PeerEurekaNodes       : The replica size seems to be empty. Check the route 53 DNS Registry
2026-03-16T18:36:44.101+01:00  INFO 3768 --- [eureka] [ReplicaAwareInstanceRegistry - RenewalThresholdUpdater] [                                                 ] c.n.e.r.PeerAwareInstanceRegistryImpl    : Current renewal threshold is : 6
2026-03-16T18:36:44.285+01:00  INFO 3768 --- [eureka] [Eureka-EvictionTimer] [                                                 ] c.n.e.registry.AbstractInstanceRegistry  : Running the evict task with compensationTime 0ms
2026-03-16T18:37:44.286+01:00  INFO 3768 --- [eureka] [Eureka-EvictionTimer] [                                                 ] c.n.e.registry.AbstractInstanceRegistry  : Running the evict task with compensationTime 0ms
2026-03-16T18:38:44.286+01:00  INFO 3768 --- [eureka] [Eureka-EvictionTimer] [                                                 ] c.n.e.registry.AbstractInstanceRegistry  : Running the evict task with compensationTime 0ms
2026-03-16T18:39:44.288+01:00  INFO 3768 --- [eureka] [Eureka-EvictionTimer] [                                                 ] c.n.e.registry.AbstractInstanceRegistry  : Running the evict task with compensationTime 1ms
2026-03-16T18:40:19.032+01:00  WARN 3768 --- [eureka] [AsyncReporter{ZipkinHttpClientSender{http://localhost:9411/api/v2/spans}}] [                                                 ] z.r.i.AsyncReporter$BoundedAsyncReporter : Spans were dropped due to exceptions. All subsequent errors will be logged at FINE level.
2026-03-16T18:40:19.033+01:00  WARN 3768 --- [eureka] [AsyncReporter{ZipkinHttpClientSender{http://localhost:9411/api/v2/spans}}] [                                                 ] z.r.i.AsyncReporter$BoundedAsyncReporter : Dropped 1 spans due to ConnectException()

java.net.ConnectException
	at java.net.http/jdk.internal.net.http.HttpClientImpl.send(HttpClientImpl.java:923) ~[java.net.http:na]
	at java.net.http/jdk.internal.net.http.HttpClientFacade.send(HttpClientFacade.java:133) ~[java.net.http:na]
	at org.springframework.boot.zipkin.autoconfigure.ZipkinHttpClientSender.postSpans(ZipkinHttpClientSender.java:59) ~[spring-boot-zipkin-4.0.3.jar:4.0.3]
	at org.springframework.boot.zipkin.autoconfigure.HttpSender.postSpans(HttpSender.java:69) ~[spring-boot-zipkin-4.0.3.jar:4.0.3]
	at org.springframework.boot.zipkin.autoconfigure.HttpSender.postSpans(HttpSender.java:41) ~[spring-boot-zipkin-4.0.3.jar:4.0.3]
	at zipkin2.reporter.BaseHttpSender.send(BaseHttpSender.java:123) ~[zipkin-reporter-3.5.1.jar:na]
	at zipkin2.reporter.internal.AsyncReporter$BoundedAsyncReporter.flush(AsyncReporter.java:266) ~[zipkin-reporter-3.5.1.jar:na]
	at zipkin2.reporter.internal.AsyncReporter$Flusher.run(AsyncReporter.java:352) ~[zipkin-reporter-3.5.1.jar:na]
	at java.base/java.lang.Thread.run(Thread.java:1474) ~[na:na]
Caused by: java.net.ConnectException
	at java.net.http/jdk.internal.net.http.common.Utils.toConnectException(Utils.java:1070) ~[java.net.http:na]
	at java.net.http/jdk.internal.net.http.PlainHttpConnection.connectAsync(PlainHttpConnection.java:223) ~[java.net.http:na]
	at java.net.http/jdk.internal.net.http.PlainHttpConnection.checkRetryConnect(PlainHttpConnection.java:277) ~[java.net.http:na]
	at java.net.http/jdk.internal.net.http.PlainHttpConnection.lambda$connectAsync$0(PlainHttpConnection.java:235) ~[java.net.http:na]
	at java.base/java.util.concurrent.CompletableFuture.uniHandle(CompletableFuture.java:955) ~[na:na]
	at java.base/java.util.concurrent.CompletableFuture$UniHandle.tryFire(CompletableFuture.java:932) ~[na:na]
	at java.base/java.util.concurrent.CompletableFuture.postComplete(CompletableFuture.java:531) ~[na:na]
	at java.base/java.util.concurrent.CompletableFuture$AsyncSupply.run(CompletableFuture.java:1794) ~[na:na]
	at java.base/java.util.concurrent.ThreadPoolExecutor.runWorker(ThreadPoolExecutor.java:1090) ~[na:na]
	at java.base/java.util.concurrent.ThreadPoolExecutor$Worker.run(ThreadPoolExecutor.java:614) ~[na:na]
	... 1 common frames omitted
Caused by: java.nio.channels.ClosedChannelException
	at java.base/sun.nio.ch.SocketChannelImpl.ensureOpen(SocketChannelImpl.java:204) ~[na:na]
	at java.base/sun.nio.ch.SocketChannelImpl.connect(SocketChannelImpl.java:942) ~[na:na]
	at java.net.http/jdk.internal.net.http.PlainHttpConnection.connectAsync(PlainHttpConnection.java:211) ~[java.net.http:na]
	... 9 common frames omitted

2026-03-16T18:40:44.289+01:00  INFO 3768 --- [eureka] [Eureka-EvictionTimer] [                                                 ] c.n.e.registry.AbstractInstanceRegistry  : Running the evict task with compensationTime 0ms
2026-03-16T18:41:44.289+01:00  INFO 3768 --- [eureka] [Eureka-EvictionTimer] [                                                 ] c.n.e.registry.AbstractInstanceRegistry  : Running the evict task with compensationTime 0ms
2026-03-16T18:42:44.289+01:00  INFO 3768 --- [eureka] [Eureka-EvictionTimer] [                                                 ] c.n.e.registry.AbstractInstanceRegistry  : Running the evict task with compensationTime 0ms
2026-03-16T18:43:44.290+01:00  INFO 3768 --- [eureka] [Eureka-EvictionTimer] [                                                 ] c.n.e.registry.AbstractInstanceRegistry  : Running the evict task with compensationTime 0ms
2026-03-16T18:44:44.291+01:00  INFO 3768 --- [eureka] [Eureka-EvictionTimer] [                                                 ] c.n.e.registry.AbstractInstanceRegistry  : Running the evict task with compensationTime 0ms
2026-03-16T18:45:44.291+01:00  INFO 3768 --- [eureka] [Eureka-EvictionTimer] [                                                 ] c.n.e.registry.AbstractInstanceRegistry  : Running the evict task with compensationTime 0ms
2026-03-16T18:46:44.099+01:00  WARN 3768 --- [eureka] [Eureka-PeerNodesUpdater] [                                                 ] c.n.eureka.cluster.PeerEurekaNodes       : The replica size seems to be empty. Check the route 53 DNS Registry
2026-03-16T18:46:44.291+01:00  INFO 3768 --- [eureka] [Eureka-EvictionTimer] [                                                 ] c.n.e.registry.AbstractInstanceRegistry  : Running the evict task with compensationTime 0ms
2026-03-16T18:47:44.291+01:00  INFO 3768 --- [eureka] [Eureka-EvictionTimer] [                                                 ] c.n.e.registry.AbstractInstanceRegistry  : Running the evict task with compensationTime 0ms
2026-03-16T18:48:44.292+01:00  INFO 3768 --- [eureka] [Eureka-EvictionTimer] [                                                 ] c.n.e.registry.AbstractInstanceRegistry  : Running the evict task with compensationTime 0ms
2026-03-16T18:49:44.292+01:00  INFO 3768 --- [eureka] [Eureka-EvictionTimer] [                                                 ] c.n.e.registry.AbstractInstanceRegistry  : Running the evict task with compensationTime 0ms
2026-03-16T18:50:44.293+01:00  INFO 3768 --- [eureka] [Eureka-EvictionTimer] [                                                 ] c.n.e.registry.AbstractInstanceRegistry  : Running the evict task with compensationTime 0ms
2026-03-16T18:51:44.102+01:00  INFO 3768 --- [eureka] [ReplicaAwareInstanceRegistry - RenewalThresholdUpdater] [                                                 ] c.n.e.r.PeerAwareInstanceRegistryImpl    : Current renewal threshold is : 6
2026-03-16T18:51:44.294+01:00  INFO 3768 --- [eureka] [Eureka-EvictionTimer] [                                                 ] c.n.e.registry.AbstractInstanceRegistry  : Running the evict task with compensationTime 0ms
2026-03-16T18:52:44.295+01:00  INFO 3768 --- [eureka] [Eureka-EvictionTimer] [                                                 ] c.n.e.registry.AbstractInstanceRegistry  : Running the evict task with compensationTime 0ms
2026-03-16T18:53:44.307+01:00  INFO 3768 --- [eureka] [Eureka-EvictionTimer] [                                                 ] c.n.e.registry.AbstractInstanceRegistry  : Running the evict task with compensationTime 12ms
2026-03-16T18:53:59.189+01:00  INFO 3768 --- [eureka] [http-nio-8761-exec-4] [69b843b7e78323739989ba9982c80c7a-9989ba9982c80c7a] c.n.e.registry.AbstractInstanceRegistry  : Registered instance CONSUMER/localhost:consumer:8079 with status DOWN (replication=false)
2026-03-16T18:54:02.249+01:00  INFO 3768 --- [eureka] [http-nio-8761-exec-2] [69b843ba5b93f8fc3be407417ee4435a-3be407417ee4435a] c.n.e.registry.AbstractInstanceRegistry  : Cancelled instance CONSUMER/localhost:consumer:8079 (replication=false)
2026-03-16T18:54:17.563+01:00  INFO 3768 --- [eureka] [http-nio-8761-exec-10] [69b843c9204eeca5787d6761cd1fd259-787d6761cd1fd259] c.n.e.registry.AbstractInstanceRegistry  : Registered instance CONSUMER/localhost:consumer:8079 with status UP (replication=false)
2026-03-16T18:54:44.308+01:00  INFO 3768 --- [eureka] [Eureka-EvictionTimer] [                                                 ] c.n.e.registry.AbstractInstanceRegistry  : Running the evict task with compensationTime 0ms
2026-03-16T18:55:44.308+01:00  INFO 3768 --- [eureka] [Eureka-EvictionTimer] [                                                 ] c.n.e.registry.AbstractInstanceRegistry  : Running the evict task with compensationTime 0ms
2026-03-16T18:56:44.112+01:00  WARN 3768 --- [eureka] [Eureka-PeerNodesUpdater] [                                                 ] c.n.eureka.cluster.PeerEurekaNodes       : The replica size seems to be empty. Check the route 53 DNS Registry
2026-03-16T18:56:44.309+01:00  INFO 3768 --- [eureka] [Eureka-EvictionTimer] [                                                 ] c.n.e.registry.AbstractInstanceRegistry  : Running the evict task with compensationTime 0ms
2026-03-16T18:57:44.312+01:00  INFO 3768 --- [eureka] [Eureka-EvictionTimer] [                                                 ] c.n.e.registry.AbstractInstanceRegistry  : Running the evict task with compensationTime 2ms
2026-03-16T18:58:44.313+01:00  INFO 3768 --- [eureka] [Eureka-EvictionTimer] [                                                 ] c.n.e.registry.AbstractInstanceRegistry  : Running the evict task with compensationTime 1ms
2026-03-16T18:59:44.313+01:00  INFO 3768 --- [eureka] [Eureka-EvictionTimer] [                                                 ] c.n.e.registry.AbstractInstanceRegistry  : Running the evict task with compensationTime 0ms
2026-03-16T19:00:44.313+01:00  INFO 3768 --- [eureka] [Eureka-EvictionTimer] [                                                 ] c.n.e.registry.AbstractInstanceRegistry  : Running the evict task with compensationTime 0ms
2026-03-16T19:01:44.314+01:00  INFO 3768 --- [eureka] [Eureka-EvictionTimer] [                                                 ] c.n.e.registry.AbstractInstanceRegistry  : Running the evict task with compensationTime 0ms
2026-03-16T19:02:44.315+01:00  INFO 3768 --- [eureka] [Eureka-EvictionTimer] [                                                 ] c.n.e.registry.AbstractInstanceRegistry  : Running the evict task with compensationTime 1ms
2026-03-16T19:03:44.315+01:00  INFO 3768 --- [eureka] [Eureka-EvictionTimer] [                                                 ] c.n.e.registry.AbstractInstanceRegistry  : Running the evict task with compensationTime 0ms
2026-03-16T19:04:44.315+01:00  INFO 3768 --- [eureka] [Eureka-EvictionTimer] [                                                 ] c.n.e.registry.AbstractInstanceRegistry  : Running the evict task with compensationTime 0ms
2026-03-16T19:05:44.315+01:00  INFO 3768 --- [eureka] [Eureka-EvictionTimer] [                                                 ] c.n.e.registry.AbstractInstanceRegistry  : Running the evict task with compensationTime 0ms
2026-03-16T19:06:44.103+01:00  INFO 3768 --- [eureka] [ReplicaAwareInstanceRegistry - RenewalThresholdUpdater] [                                                 ] c.n.e.r.PeerAwareInstanceRegistryImpl    : Current renewal threshold is : 6
2026-03-16T19:06:44.121+01:00  WARN 3768 --- [eureka] [Eureka-PeerNodesUpdater] [                                                 ] c.n.eureka.cluster.PeerEurekaNodes       : The replica size seems to be empty. Check the route 53 DNS Registry
2026-03-16T19:06:44.316+01:00  INFO 3768 --- [eureka] [Eureka-EvictionTimer] [                                                 ] c.n.e.registry.AbstractInstanceRegistry  : Running the evict task with compensationTime 0ms
2026-03-16T19:07:15.100+01:00  INFO 3768 --- [eureka] [http-nio-8761-exec-8] [69b846d371a73a207a186f972298f6a2-7a186f972298f6a2] c.n.e.registry.AbstractInstanceRegistry  : Registered instance CONSUMER/localhost:consumer:8079 with status DOWN (replication=false)
2026-03-16T19:07:15.198+01:00  INFO 3768 --- [eureka] [SpringApplicationShutdownHook] [                                                 ] o.s.c.n.e.s.EurekaServiceRegistry        : Unregistering application EUREKA with eureka with status DOWN
2026-03-16T19:07:15.264+01:00  INFO 3768 --- [eureka] [SpringApplicationShutdownHook] [                                                 ] o.s.boot.tomcat.GracefulShutdown         : Commencing graceful shutdown. Waiting for active requests to complete
2026-03-16T19:07:15.302+01:00  INFO 3768 --- [eureka] [tomcat-shutdown] [                                                 ] o.s.boot.tomcat.GracefulShutdown         : Graceful shutdown complete
2026-03-16T19:07:15.345+01:00  INFO 3768 --- [eureka] [SpringApplicationShutdownHook] [                                                 ] o.s.c.n.e.server.EurekaServerBootstrap   : Shutting down Eureka Server..
2026-03-16T19:07:15.346+01:00  INFO 3768 --- [eureka] [SpringApplicationShutdownHook] [                                                 ] c.n.eureka.DefaultEurekaServerContext    : Shutting down ...
2026-03-16T19:07:15.346+01:00  INFO 3768 --- [eureka] [SpringApplicationShutdownHook] [                                                 ] c.n.eureka.DefaultEurekaServerContext    : Shut down
2026-03-16T19:07:15.347+01:00  INFO 3768 --- [eureka] [SpringApplicationShutdownHook] [                                                 ] o.s.c.n.e.server.EurekaServerBootstrap   : Eureka Service is now shutdown...
2026-03-16T19:07:15.363+01:00  INFO 3768 --- [eureka] [SpringApplicationShutdownHook] [                                                 ] c.n.eureka.DefaultEurekaServerContext    : Shutting down ...
2026-03-16T19:07:15.363+01:00  INFO 3768 --- [eureka] [SpringApplicationShutdownHook] [                                                 ] c.n.eureka.DefaultEurekaServerContext    : Shut down
2026-03-16T19:07:16.222+01:00  INFO 3768 --- [eureka] [SpringApplicationShutdownHook] [                                                 ] com.netflix.discovery.DiscoveryClient    : Shutting down DiscoveryClient ...
2026-03-16T19:07:16.222+01:00  INFO 3768 --- [eureka] [SpringApplicationShutdownHook] [                                                 ] com.netflix.discovery.DiscoveryClient    : Completed shut down of DiscoveryClient
