2026-03-16T16:36:52.371+01:00  INFO 34356 --- [provider] [main] [                                                 ] c.example.provider.ProviderApplication   : Starting ProviderApplication using Java 25.0.2 with PID 34356 (C:\Users\leoga\Formación\Proyectos\Course 1\functionality examples\interservice\provider\target\classes started by leoga in C:\Users\leoga\Formación\Proyectos\Course 1\functionality examples)
2026-03-16T16:36:52.381+01:00 DEBUG 34356 --- [provider] [main] [                                                 ] c.example.provider.ProviderApplication   : Running with Spring Boot v4.0.3, Spring v7.0.5
2026-03-16T16:36:52.382+01:00  INFO 34356 --- [provider] [main] [                                                 ] c.example.provider.ProviderApplication   : No active profile set, falling back to 1 default profile: "default"
2026-03-16T16:36:53.659+01:00  INFO 34356 --- [provider] [main] [                                                 ] o.s.cloud.context.scope.GenericScope     : BeanFactory id=d9014680-0ee6-39ca-8eaa-50e8d8eaf5b3
2026-03-16T16:36:53.990+01:00  INFO 34356 --- [provider] [main] [                                                 ] o.s.boot.tomcat.TomcatWebServer          : Tomcat initialized with port 8081 (http)
2026-03-16T16:36:54.006+01:00  INFO 34356 --- [provider] [main] [                                                 ] o.apache.catalina.core.StandardService   : Starting service [Tomcat]
2026-03-16T16:36:54.006+01:00  INFO 34356 --- [provider] [main] [                                                 ] o.apache.catalina.core.StandardEngine    : Starting Servlet engine: [Apache Tomcat/11.0.18]
2026-03-16T16:36:54.159+01:00  INFO 34356 --- [provider] [main] [                                                 ] b.w.c.s.WebApplicationContextInitializer : Root WebApplicationContext: initialization completed in 1718 ms
2026-03-16T16:36:56.332+01:00  INFO 34356 --- [provider] [main] [                                                 ] o.s.cloud.commons.util.InetUtils         : Cannot determine local hostname
2026-03-16T16:36:57.629+01:00  INFO 34356 --- [provider] [main] [                                                 ] o.s.cloud.commons.util.InetUtils         : Cannot determine local hostname
2026-03-16T16:36:57.650+01:00  INFO 34356 --- [provider] [main] [                                                 ] DiscoveryClientOptionalArgsConfiguration : Eureka HTTP Client uses RestClient.
2026-03-16T16:36:57.691+01:00  WARN 34356 --- [provider] [main] [                                                 ] iguration$LoadBalancerCaffeineWarnLogger : Spring Cloud LoadBalancer is currently working with the default cache. While this cache implementation is useful for development and tests, it's recommended to use Caffeine cache in production.You can switch to using Caffeine cache, by adding it and org.springframework.cache.caffeine.CaffeineCacheManager to the classpath.
2026-03-16T16:36:57.700+01:00  INFO 34356 --- [provider] [main] [                                                 ] o.s.b.a.e.web.EndpointLinksResolver      : Exposing 18 endpoints beneath base path '/actuator'
2026-03-16T16:36:57.824+01:00  INFO 34356 --- [provider] [main] [                                                 ] o.s.c.n.eureka.InstanceInfoFactory       : Setting initial instance status as: STARTING
2026-03-16T16:36:57.880+01:00  INFO 34356 --- [provider] [main] [                                                 ] com.netflix.discovery.DiscoveryClient    : Initializing Eureka in region us-east-1
2026-03-16T16:36:57.890+01:00  INFO 34356 --- [provider] [main] [                                                 ] c.n.d.s.r.aws.ConfigClusterResolver      : Resolving eureka endpoints via configuration
2026-03-16T16:36:57.909+01:00  INFO 34356 --- [provider] [main] [                                                 ] com.netflix.discovery.DiscoveryClient    : Disable delta property : false
2026-03-16T16:36:57.910+01:00  INFO 34356 --- [provider] [main] [                                                 ] com.netflix.discovery.DiscoveryClient    : Single vip registry refresh property : null
2026-03-16T16:36:57.910+01:00  INFO 34356 --- [provider] [main] [                                                 ] com.netflix.discovery.DiscoveryClient    : Force full registry fetch : false
2026-03-16T16:36:57.911+01:00  INFO 34356 --- [provider] [main] [                                                 ] com.netflix.discovery.DiscoveryClient    : Application is null : false
2026-03-16T16:36:57.911+01:00  INFO 34356 --- [provider] [main] [                                                 ] com.netflix.discovery.DiscoveryClient    : Registered Applications size is zero : true
2026-03-16T16:36:57.912+01:00  INFO 34356 --- [provider] [main] [                                                 ] com.netflix.discovery.DiscoveryClient    : Application version is -1: true
2026-03-16T16:36:57.912+01:00  INFO 34356 --- [provider] [main] [                                                 ] com.netflix.discovery.DiscoveryClient    : Getting all instance registry info from the eureka server
2026-03-16T16:36:58.412+01:00  INFO 34356 --- [provider] [main] [                                                 ] com.netflix.discovery.DiscoveryClient    : The response status is 200
2026-03-16T16:36:58.414+01:00  INFO 34356 --- [provider] [main] [                                                 ] com.netflix.discovery.DiscoveryClient    : Starting heartbeat executor: renew interval is: 30
2026-03-16T16:36:58.416+01:00  INFO 34356 --- [provider] [main] [                                                 ] c.n.discovery.InstanceInfoReplicator     : InstanceInfoReplicator onDemand update allowed rate per min is 4
2026-03-16T16:36:58.419+01:00  INFO 34356 --- [provider] [main] [                                                 ] com.netflix.discovery.DiscoveryClient    : Discovery Client initialized at timestamp 1773675418417 with initial instances count: 0
2026-03-16T16:36:58.423+01:00  INFO 34356 --- [provider] [main] [                                                 ] o.s.c.n.e.s.EurekaServiceRegistry        : Registering application PROVIDER with eureka with status UP
2026-03-16T16:36:58.424+01:00  INFO 34356 --- [provider] [main] [                                                 ] com.netflix.discovery.DiscoveryClient    : Saw local status change event StatusChangeEvent [timestamp=1773675418424, current=UP, previous=STARTING]
2026-03-16T16:36:58.426+01:00  INFO 34356 --- [provider] [DiscoveryClient-InstanceInfoReplicator-%d] [                                                 ] com.netflix.discovery.DiscoveryClient    : DiscoveryClient_PROVIDER/localhost:provider:8081: registering service...
2026-03-16T16:36:58.437+01:00  INFO 34356 --- [provider] [main] [                                                 ] o.s.boot.tomcat.TomcatWebServer          : Tomcat started on port 8081 (http) with context path '/'
2026-03-16T16:36:58.438+01:00  INFO 34356 --- [provider] [main] [                                                 ] .s.c.n.e.s.EurekaAutoServiceRegistration : Updating port to 8081
2026-03-16T16:36:58.577+01:00  INFO 34356 --- [provider] [DiscoveryClient-InstanceInfoReplicator-%d] [                                                 ] com.netflix.discovery.DiscoveryClient    : DiscoveryClient_PROVIDER/localhost:provider:8081 - registration status: 204
2026-03-16T16:36:58.952+01:00  INFO 34356 --- [provider] [http-nio-8081-exec-1] [                                                 ] o.a.c.c.C.[Tomcat].[localhost].[/]       : Initializing Spring DispatcherServlet 'dispatcherServlet'
2026-03-16T16:36:58.953+01:00  INFO 34356 --- [provider] [http-nio-8081-exec-1] [                                                 ] o.s.web.servlet.DispatcherServlet        : Initializing Servlet 'dispatcherServlet'
2026-03-16T16:36:58.958+01:00  INFO 34356 --- [provider] [http-nio-8081-exec-1] [                                                 ] o.s.web.servlet.DispatcherServlet        : Completed initialization in 5 ms
2026-03-16T16:36:59.445+01:00  INFO 34356 --- [provider] [main] [                                                 ] o.s.cloud.commons.util.InetUtils         : Cannot determine local hostname
2026-03-16T16:36:59.461+01:00  INFO 34356 --- [provider] [main] [                                                 ] c.example.provider.ProviderApplication   : Started ProviderApplication in 8.793 seconds (process running for 10.426)
2026-03-16T16:37:05.325+01:00  INFO 34916 --- [provider] [main] [                                                 ] c.example.provider.ProviderApplication   : Starting ProviderApplication using Java 25.0.2 with PID 34916 (C:\Users\leoga\Formación\Proyectos\Course 1\functionality examples\interservice\provider\target\classes started by leoga in C:\Users\leoga\Formación\Proyectos\Course 1\functionality examples)
2026-03-16T16:37:05.329+01:00 DEBUG 34916 --- [provider] [main] [                                                 ] c.example.provider.ProviderApplication   : Running with Spring Boot v4.0.3, Spring v7.0.5
2026-03-16T16:37:05.330+01:00  INFO 34916 --- [provider] [main] [                                                 ] c.example.provider.ProviderApplication   : No active profile set, falling back to 1 default profile: "default"
2026-03-16T16:37:06.590+01:00  INFO 34916 --- [provider] [main] [                                                 ] o.s.cloud.context.scope.GenericScope     : BeanFactory id=d9014680-0ee6-39ca-8eaa-50e8d8eaf5b3
2026-03-16T16:37:06.907+01:00  INFO 34916 --- [provider] [main] [                                                 ] o.s.boot.tomcat.TomcatWebServer          : Tomcat initialized with port 8082 (http)
2026-03-16T16:37:06.923+01:00  INFO 34916 --- [provider] [main] [                                                 ] o.apache.catalina.core.StandardService   : Starting service [Tomcat]
2026-03-16T16:37:06.923+01:00  INFO 34916 --- [provider] [main] [                                                 ] o.apache.catalina.core.StandardEngine    : Starting Servlet engine: [Apache Tomcat/11.0.18]
2026-03-16T16:37:07.111+01:00  INFO 34916 --- [provider] [main] [                                                 ] b.w.c.s.WebApplicationContextInitializer : Root WebApplicationContext: initialization completed in 1728 ms
2026-03-16T16:37:09.475+01:00  INFO 34916 --- [provider] [main] [                                                 ] o.s.cloud.commons.util.InetUtils         : Cannot determine local hostname
2026-03-16T16:37:10.959+01:00  INFO 34916 --- [provider] [main] [                                                 ] o.s.cloud.commons.util.InetUtils         : Cannot determine local hostname
2026-03-16T16:37:10.974+01:00  INFO 34916 --- [provider] [main] [                                                 ] DiscoveryClientOptionalArgsConfiguration : Eureka HTTP Client uses RestClient.
2026-03-16T16:37:11.014+01:00  WARN 34916 --- [provider] [main] [                                                 ] iguration$LoadBalancerCaffeineWarnLogger : Spring Cloud LoadBalancer is currently working with the default cache. While this cache implementation is useful for development and tests, it's recommended to use Caffeine cache in production.You can switch to using Caffeine cache, by adding it and org.springframework.cache.caffeine.CaffeineCacheManager to the classpath.
2026-03-16T16:37:11.025+01:00  INFO 34916 --- [provider] [main] [                                                 ] o.s.b.a.e.web.EndpointLinksResolver      : Exposing 18 endpoints beneath base path '/actuator'
2026-03-16T16:37:11.127+01:00  INFO 34916 --- [provider] [main] [                                                 ] o.s.c.n.eureka.InstanceInfoFactory       : Setting initial instance status as: STARTING
2026-03-16T16:37:11.155+01:00  INFO 34916 --- [provider] [main] [                                                 ] com.netflix.discovery.DiscoveryClient    : Initializing Eureka in region us-east-1
2026-03-16T16:37:11.159+01:00  INFO 34916 --- [provider] [main] [                                                 ] c.n.d.s.r.aws.ConfigClusterResolver      : Resolving eureka endpoints via configuration
2026-03-16T16:37:11.169+01:00  INFO 34916 --- [provider] [main] [                                                 ] com.netflix.discovery.DiscoveryClient    : Disable delta property : false
2026-03-16T16:37:11.170+01:00  INFO 34916 --- [provider] [main] [                                                 ] com.netflix.discovery.DiscoveryClient    : Single vip registry refresh property : null
2026-03-16T16:37:11.170+01:00  INFO 34916 --- [provider] [main] [                                                 ] com.netflix.discovery.DiscoveryClient    : Force full registry fetch : false
2026-03-16T16:37:11.170+01:00  INFO 34916 --- [provider] [main] [                                                 ] com.netflix.discovery.DiscoveryClient    : Application is null : false
2026-03-16T16:37:11.170+01:00  INFO 34916 --- [provider] [main] [                                                 ] com.netflix.discovery.DiscoveryClient    : Registered Applications size is zero : true
2026-03-16T16:37:11.170+01:00  INFO 34916 --- [provider] [main] [                                                 ] com.netflix.discovery.DiscoveryClient    : Application version is -1: true
2026-03-16T16:37:11.170+01:00  INFO 34916 --- [provider] [main] [                                                 ] com.netflix.discovery.DiscoveryClient    : Getting all instance registry info from the eureka server
2026-03-16T16:37:11.539+01:00  INFO 34916 --- [provider] [main] [                                                 ] com.netflix.discovery.DiscoveryClient    : The response status is 200
2026-03-16T16:37:11.541+01:00  INFO 34916 --- [provider] [main] [                                                 ] com.netflix.discovery.DiscoveryClient    : Starting heartbeat executor: renew interval is: 30
2026-03-16T16:37:11.545+01:00  INFO 34916 --- [provider] [main] [                                                 ] c.n.discovery.InstanceInfoReplicator     : InstanceInfoReplicator onDemand update allowed rate per min is 4
2026-03-16T16:37:11.547+01:00  INFO 34916 --- [provider] [main] [                                                 ] com.netflix.discovery.DiscoveryClient    : Discovery Client initialized at timestamp 1773675431546 with initial instances count: 1
2026-03-16T16:37:11.550+01:00  INFO 34916 --- [provider] [main] [                                                 ] o.s.c.n.e.s.EurekaServiceRegistry        : Registering application PROVIDER with eureka with status UP
2026-03-16T16:37:11.551+01:00  INFO 34916 --- [provider] [main] [                                                 ] com.netflix.discovery.DiscoveryClient    : Saw local status change event StatusChangeEvent [timestamp=1773675431551, current=UP, previous=STARTING]
2026-03-16T16:37:11.554+01:00  INFO 34916 --- [provider] [DiscoveryClient-InstanceInfoReplicator-%d] [                                                 ] com.netflix.discovery.DiscoveryClient    : DiscoveryClient_PROVIDER/localhost:provider:8082: registering service...
2026-03-16T16:37:11.568+01:00  INFO 34916 --- [provider] [main] [                                                 ] o.s.boot.tomcat.TomcatWebServer          : Tomcat started on port 8082 (http) with context path '/'
2026-03-16T16:37:11.569+01:00  INFO 34916 --- [provider] [main] [                                                 ] .s.c.n.e.s.EurekaAutoServiceRegistration : Updating port to 8082
2026-03-16T16:37:11.594+01:00  INFO 34916 --- [provider] [DiscoveryClient-InstanceInfoReplicator-%d] [                                                 ] com.netflix.discovery.DiscoveryClient    : DiscoveryClient_PROVIDER/localhost:provider:8082 - registration status: 204
2026-03-16T16:37:12.481+01:00  INFO 34916 --- [provider] [http-nio-8082-exec-1] [                                                 ] o.a.c.c.C.[Tomcat].[localhost].[/]       : Initializing Spring DispatcherServlet 'dispatcherServlet'
2026-03-16T16:37:12.482+01:00  INFO 34916 --- [provider] [http-nio-8082-exec-1] [                                                 ] o.s.web.servlet.DispatcherServlet        : Initializing Servlet 'dispatcherServlet'
2026-03-16T16:37:12.486+01:00  INFO 34916 --- [provider] [http-nio-8082-exec-1] [                                                 ] o.s.web.servlet.DispatcherServlet        : Completed initialization in 4 ms
2026-03-16T16:37:12.575+01:00  INFO 34916 --- [provider] [main] [                                                 ] o.s.cloud.commons.util.InetUtils         : Cannot determine local hostname
2026-03-16T16:37:12.589+01:00  INFO 34916 --- [provider] [main] [                                                 ] c.example.provider.ProviderApplication   : Started ProviderApplication in 8.944 seconds (process running for 10.464)
2026-03-16T16:37:28.415+01:00  INFO 34356 --- [provider] [DiscoveryClient-CacheRefreshExecutor-%d] [                                                 ] com.netflix.discovery.DiscoveryClient    : Disable delta property : false
2026-03-16T16:37:28.415+01:00  INFO 34356 --- [provider] [DiscoveryClient-CacheRefreshExecutor-%d] [                                                 ] com.netflix.discovery.DiscoveryClient    : Single vip registry refresh property : null
2026-03-16T16:37:28.416+01:00  INFO 34356 --- [provider] [DiscoveryClient-CacheRefreshExecutor-%d] [                                                 ] com.netflix.discovery.DiscoveryClient    : Force full registry fetch : false
2026-03-16T16:37:28.416+01:00  INFO 34356 --- [provider] [DiscoveryClient-CacheRefreshExecutor-%d] [                                                 ] com.netflix.discovery.DiscoveryClient    : Application is null : false
2026-03-16T16:37:28.417+01:00  INFO 34356 --- [provider] [DiscoveryClient-CacheRefreshExecutor-%d] [                                                 ] com.netflix.discovery.DiscoveryClient    : Registered Applications size is zero : true
2026-03-16T16:37:28.417+01:00  INFO 34356 --- [provider] [DiscoveryClient-CacheRefreshExecutor-%d] [                                                 ] com.netflix.discovery.DiscoveryClient    : Application version is -1: false
2026-03-16T16:37:28.418+01:00  INFO 34356 --- [provider] [DiscoveryClient-CacheRefreshExecutor-%d] [                                                 ] com.netflix.discovery.DiscoveryClient    : Getting all instance registry info from the eureka server
2026-03-16T16:37:28.449+01:00  INFO 34356 --- [provider] [DiscoveryClient-CacheRefreshExecutor-%d] [                                                 ] com.netflix.discovery.DiscoveryClient    : The response status is 200
2026-03-16T16:39:50.394+01:00 TRACE 34356 --- [provider] [http-nio-8081-exec-10] [69b82446c3ffdb582f126cc169e1d77b-2f126cc169e1d77b] c.example.provider.InstanceController    : Request received at instance running on port: 8081
2026-03-16T16:39:50.395+01:00 DEBUG 34356 --- [provider] [http-nio-8081-exec-10] [69b82446c3ffdb582f126cc169e1d77b-2f126cc169e1d77b] c.example.provider.InstanceController    : Request received at instance running on port: 8081
2026-03-16T16:39:50.395+01:00  INFO 34356 --- [provider] [http-nio-8081-exec-10] [69b82446c3ffdb582f126cc169e1d77b-2f126cc169e1d77b] c.example.provider.InstanceController    : Request received at instance running on port: 8081
2026-03-16T16:39:50.395+01:00  WARN 34356 --- [provider] [http-nio-8081-exec-10] [69b82446c3ffdb582f126cc169e1d77b-2f126cc169e1d77b] c.example.provider.InstanceController    : Request received at instance running on port: 8081
2026-03-16T16:39:50.395+01:00 ERROR 34356 --- [provider] [http-nio-8081-exec-10] [69b82446c3ffdb582f126cc169e1d77b-2f126cc169e1d77b] c.example.provider.InstanceController    : Request received at instance running on port: 8081
2026-03-16T16:39:51.329+01:00 TRACE 34916 --- [provider] [http-nio-8082-exec-3] [69b82447b6a5271bf45e2c11edc9592b-f45e2c11edc9592b] c.example.provider.InstanceController    : Request received at instance running on port: 8082
2026-03-16T16:39:51.330+01:00 DEBUG 34916 --- [provider] [http-nio-8082-exec-3] [69b82447b6a5271bf45e2c11edc9592b-f45e2c11edc9592b] c.example.provider.InstanceController    : Request received at instance running on port: 8082
2026-03-16T16:39:51.330+01:00  INFO 34916 --- [provider] [http-nio-8082-exec-3] [69b82447b6a5271bf45e2c11edc9592b-f45e2c11edc9592b] c.example.provider.InstanceController    : Request received at instance running on port: 8082
2026-03-16T16:39:51.330+01:00  WARN 34916 --- [provider] [http-nio-8082-exec-3] [69b82447b6a5271bf45e2c11edc9592b-f45e2c11edc9592b] c.example.provider.InstanceController    : Request received at instance running on port: 8082
2026-03-16T16:39:51.330+01:00 ERROR 34916 --- [provider] [http-nio-8082-exec-3] [69b82447b6a5271bf45e2c11edc9592b-f45e2c11edc9592b] c.example.provider.InstanceController    : Request received at instance running on port: 8082
2026-03-16T16:39:52.208+01:00 TRACE 34356 --- [provider] [http-nio-8081-exec-1] [69b82448711190a745d47e0072729b4d-45d47e0072729b4d] c.example.provider.InstanceController    : Request received at instance running on port: 8081
2026-03-16T16:39:52.208+01:00 DEBUG 34356 --- [provider] [http-nio-8081-exec-1] [69b82448711190a745d47e0072729b4d-45d47e0072729b4d] c.example.provider.InstanceController    : Request received at instance running on port: 8081
2026-03-16T16:39:52.208+01:00  INFO 34356 --- [provider] [http-nio-8081-exec-1] [69b82448711190a745d47e0072729b4d-45d47e0072729b4d] c.example.provider.InstanceController    : Request received at instance running on port: 8081
2026-03-16T16:39:52.208+01:00  WARN 34356 --- [provider] [http-nio-8081-exec-1] [69b82448711190a745d47e0072729b4d-45d47e0072729b4d] c.example.provider.InstanceController    : Request received at instance running on port: 8081
2026-03-16T16:39:52.208+01:00 ERROR 34356 --- [provider] [http-nio-8081-exec-1] [69b82448711190a745d47e0072729b4d-45d47e0072729b4d] c.example.provider.InstanceController    : Request received at instance running on port: 8081
2026-03-16T16:39:52.936+01:00 TRACE 34916 --- [provider] [http-nio-8082-exec-6] [69b82448916770ef0bc19a9104d0d4ff-0bc19a9104d0d4ff] c.example.provider.InstanceController    : Request received at instance running on port: 8082
2026-03-16T16:39:52.936+01:00 DEBUG 34916 --- [provider] [http-nio-8082-exec-6] [69b82448916770ef0bc19a9104d0d4ff-0bc19a9104d0d4ff] c.example.provider.InstanceController    : Request received at instance running on port: 8082
2026-03-16T16:39:52.936+01:00  INFO 34916 --- [provider] [http-nio-8082-exec-6] [69b82448916770ef0bc19a9104d0d4ff-0bc19a9104d0d4ff] c.example.provider.InstanceController    : Request received at instance running on port: 8082
2026-03-16T16:39:52.937+01:00  WARN 34916 --- [provider] [http-nio-8082-exec-6] [69b82448916770ef0bc19a9104d0d4ff-0bc19a9104d0d4ff] c.example.provider.InstanceController    : Request received at instance running on port: 8082
2026-03-16T16:39:52.937+01:00 ERROR 34916 --- [provider] [http-nio-8082-exec-6] [69b82448916770ef0bc19a9104d0d4ff-0bc19a9104d0d4ff] c.example.provider.InstanceController    : Request received at instance running on port: 8082
2026-03-16T16:41:11.396+01:00 TRACE 34916 --- [provider] [http-nio-8082-exec-3] [69b82497c1906c846deb234bad2ff7d0-6deb234bad2ff7d0] c.example.provider.InstanceController    : Request received at instance running on port: 8082
2026-03-16T16:41:11.396+01:00 DEBUG 34916 --- [provider] [http-nio-8082-exec-3] [69b82497c1906c846deb234bad2ff7d0-6deb234bad2ff7d0] c.example.provider.InstanceController    : Request received at instance running on port: 8082
2026-03-16T16:41:11.396+01:00  INFO 34916 --- [provider] [http-nio-8082-exec-3] [69b82497c1906c846deb234bad2ff7d0-6deb234bad2ff7d0] c.example.provider.InstanceController    : Request received at instance running on port: 8082
2026-03-16T16:41:11.396+01:00  WARN 34916 --- [provider] [http-nio-8082-exec-3] [69b82497c1906c846deb234bad2ff7d0-6deb234bad2ff7d0] c.example.provider.InstanceController    : Request received at instance running on port: 8082
2026-03-16T16:41:11.396+01:00 ERROR 34916 --- [provider] [http-nio-8082-exec-3] [69b82497c1906c846deb234bad2ff7d0-6deb234bad2ff7d0] c.example.provider.InstanceController    : Request received at instance running on port: 8082
2026-03-16T16:41:12.210+01:00 TRACE 34356 --- [provider] [http-nio-8081-exec-10] [69b8249843f2d64df201255057054801-f201255057054801] c.example.provider.InstanceController    : Request received at instance running on port: 8081
2026-03-16T16:41:12.212+01:00 DEBUG 34356 --- [provider] [http-nio-8081-exec-10] [69b8249843f2d64df201255057054801-f201255057054801] c.example.provider.InstanceController    : Request received at instance running on port: 8081
2026-03-16T16:41:12.212+01:00  INFO 34356 --- [provider] [http-nio-8081-exec-10] [69b8249843f2d64df201255057054801-f201255057054801] c.example.provider.InstanceController    : Request received at instance running on port: 8081
2026-03-16T16:41:12.212+01:00  WARN 34356 --- [provider] [http-nio-8081-exec-10] [69b8249843f2d64df201255057054801-f201255057054801] c.example.provider.InstanceController    : Request received at instance running on port: 8081
2026-03-16T16:41:12.212+01:00 ERROR 34356 --- [provider] [http-nio-8081-exec-10] [69b8249843f2d64df201255057054801-f201255057054801] c.example.provider.InstanceController    : Request received at instance running on port: 8081
2026-03-16T16:41:12.922+01:00 TRACE 34916 --- [provider] [http-nio-8082-exec-6] [69b82498b930cd09e9d4a4826c996514-e9d4a4826c996514] c.example.provider.InstanceController    : Request received at instance running on port: 8082
2026-03-16T16:41:12.923+01:00 DEBUG 34916 --- [provider] [http-nio-8082-exec-6] [69b82498b930cd09e9d4a4826c996514-e9d4a4826c996514] c.example.provider.InstanceController    : Request received at instance running on port: 8082
2026-03-16T16:41:12.923+01:00  INFO 34916 --- [provider] [http-nio-8082-exec-6] [69b82498b930cd09e9d4a4826c996514-e9d4a4826c996514] c.example.provider.InstanceController    : Request received at instance running on port: 8082
2026-03-16T16:41:12.923+01:00  WARN 34916 --- [provider] [http-nio-8082-exec-6] [69b82498b930cd09e9d4a4826c996514-e9d4a4826c996514] c.example.provider.InstanceController    : Request received at instance running on port: 8082
2026-03-16T16:41:12.923+01:00 ERROR 34916 --- [provider] [http-nio-8082-exec-6] [69b82498b930cd09e9d4a4826c996514-e9d4a4826c996514] c.example.provider.InstanceController    : Request received at instance running on port: 8082
2026-03-16T16:41:13.506+01:00 TRACE 34356 --- [provider] [http-nio-8081-exec-1] [69b82499a8d30d24681670098c5901e7-681670098c5901e7] c.example.provider.InstanceController    : Request received at instance running on port: 8081
2026-03-16T16:41:13.507+01:00 DEBUG 34356 --- [provider] [http-nio-8081-exec-1] [69b82499a8d30d24681670098c5901e7-681670098c5901e7] c.example.provider.InstanceController    : Request received at instance running on port: 8081
2026-03-16T16:41:13.507+01:00  INFO 34356 --- [provider] [http-nio-8081-exec-1] [69b82499a8d30d24681670098c5901e7-681670098c5901e7] c.example.provider.InstanceController    : Request received at instance running on port: 8081
2026-03-16T16:41:13.507+01:00  WARN 34356 --- [provider] [http-nio-8081-exec-1] [69b82499a8d30d24681670098c5901e7-681670098c5901e7] c.example.provider.InstanceController    : Request received at instance running on port: 8081
2026-03-16T16:41:13.507+01:00 ERROR 34356 --- [provider] [http-nio-8081-exec-1] [69b82499a8d30d24681670098c5901e7-681670098c5901e7] c.example.provider.InstanceController    : Request received at instance running on port: 8081
2026-03-16T16:41:14.072+01:00 TRACE 34916 --- [provider] [http-nio-8082-exec-7] [69b8249a3e31af7ee91a62c3208d28c3-e91a62c3208d28c3] c.example.provider.InstanceController    : Request received at instance running on port: 8082
2026-03-16T16:41:14.073+01:00 DEBUG 34916 --- [provider] [http-nio-8082-exec-7] [69b8249a3e31af7ee91a62c3208d28c3-e91a62c3208d28c3] c.example.provider.InstanceController    : Request received at instance running on port: 8082
2026-03-16T16:41:14.073+01:00  INFO 34916 --- [provider] [http-nio-8082-exec-7] [69b8249a3e31af7ee91a62c3208d28c3-e91a62c3208d28c3] c.example.provider.InstanceController    : Request received at instance running on port: 8082
2026-03-16T16:41:14.074+01:00  WARN 34916 --- [provider] [http-nio-8082-exec-7] [69b8249a3e31af7ee91a62c3208d28c3-e91a62c3208d28c3] c.example.provider.InstanceController    : Request received at instance running on port: 8082
2026-03-16T16:41:14.074+01:00 ERROR 34916 --- [provider] [http-nio-8082-exec-7] [69b8249a3e31af7ee91a62c3208d28c3-e91a62c3208d28c3] c.example.provider.InstanceController    : Request received at instance running on port: 8082
2026-03-16T16:41:57.914+01:00  INFO 34356 --- [provider] [AsyncResolver-bootstrap-executor-%d] [                                                 ] c.n.d.s.r.aws.ConfigClusterResolver      : Resolving eureka endpoints via configuration
2026-03-16T16:42:11.174+01:00  INFO 34916 --- [provider] [AsyncResolver-bootstrap-executor-%d] [                                                 ] c.n.d.s.r.aws.ConfigClusterResolver      : Resolving eureka endpoints via configuration
2026-03-16T16:46:57.917+01:00  INFO 34356 --- [provider] [AsyncResolver-bootstrap-executor-%d] [                                                 ] c.n.d.s.r.aws.ConfigClusterResolver      : Resolving eureka endpoints via configuration
2026-03-16T16:47:11.176+01:00  INFO 34916 --- [provider] [AsyncResolver-bootstrap-executor-%d] [                                                 ] c.n.d.s.r.aws.ConfigClusterResolver      : Resolving eureka endpoints via configuration
2026-03-16T16:51:57.918+01:00  INFO 34356 --- [provider] [AsyncResolver-bootstrap-executor-%d] [                                                 ] c.n.d.s.r.aws.ConfigClusterResolver      : Resolving eureka endpoints via configuration
2026-03-16T16:52:11.177+01:00  INFO 34916 --- [provider] [AsyncResolver-bootstrap-executor-%d] [                                                 ] c.n.d.s.r.aws.ConfigClusterResolver      : Resolving eureka endpoints via configuration
2026-03-16T16:56:57.920+01:00  INFO 34356 --- [provider] [AsyncResolver-bootstrap-executor-%d] [                                                 ] c.n.d.s.r.aws.ConfigClusterResolver      : Resolving eureka endpoints via configuration
2026-03-16T16:57:11.178+01:00  INFO 34916 --- [provider] [AsyncResolver-bootstrap-executor-%d] [                                                 ] c.n.d.s.r.aws.ConfigClusterResolver      : Resolving eureka endpoints via configuration
2026-03-16T17:01:57.921+01:00  INFO 34356 --- [provider] [AsyncResolver-bootstrap-executor-%d] [                                                 ] c.n.d.s.r.aws.ConfigClusterResolver      : Resolving eureka endpoints via configuration
2026-03-16T17:02:11.180+01:00  INFO 34916 --- [provider] [AsyncResolver-bootstrap-executor-%d] [                                                 ] c.n.d.s.r.aws.ConfigClusterResolver      : Resolving eureka endpoints via configuration
2026-03-16T17:05:59.937+01:00 TRACE 34916 --- [provider] [http-nio-8082-exec-3] [69b82a6789c672131ca8e28cf7df7919-c8f80ed85e5ba982] c.example.provider.InstanceController    : Request received at instance running on port: 8082
2026-03-16T17:05:59.937+01:00 DEBUG 34916 --- [provider] [http-nio-8082-exec-3] [69b82a6789c672131ca8e28cf7df7919-c8f80ed85e5ba982] c.example.provider.InstanceController    : Request received at instance running on port: 8082
2026-03-16T17:05:59.937+01:00  INFO 34916 --- [provider] [http-nio-8082-exec-3] [69b82a6789c672131ca8e28cf7df7919-c8f80ed85e5ba982] c.example.provider.InstanceController    : Request received at instance running on port: 8082
2026-03-16T17:05:59.937+01:00  WARN 34916 --- [provider] [http-nio-8082-exec-3] [69b82a6789c672131ca8e28cf7df7919-c8f80ed85e5ba982] c.example.provider.InstanceController    : Request received at instance running on port: 8082
2026-03-16T17:05:59.937+01:00 ERROR 34916 --- [provider] [http-nio-8082-exec-3] [69b82a6789c672131ca8e28cf7df7919-c8f80ed85e5ba982] c.example.provider.InstanceController    : Request received at instance running on port: 8082
2026-03-16T17:06:02.010+01:00 TRACE 34356 --- [provider] [http-nio-8081-exec-10] [69b82a69dad0f21959e08285c997f984-8b487ee79876705c] c.example.provider.InstanceController    : Request received at instance running on port: 8081
2026-03-16T17:06:02.010+01:00 DEBUG 34356 --- [provider] [http-nio-8081-exec-10] [69b82a69dad0f21959e08285c997f984-8b487ee79876705c] c.example.provider.InstanceController    : Request received at instance running on port: 8081
2026-03-16T17:06:02.010+01:00  INFO 34356 --- [provider] [http-nio-8081-exec-10] [69b82a69dad0f21959e08285c997f984-8b487ee79876705c] c.example.provider.InstanceController    : Request received at instance running on port: 8081
2026-03-16T17:06:02.010+01:00  WARN 34356 --- [provider] [http-nio-8081-exec-10] [69b82a69dad0f21959e08285c997f984-8b487ee79876705c] c.example.provider.InstanceController    : Request received at instance running on port: 8081
2026-03-16T17:06:02.010+01:00 ERROR 34356 --- [provider] [http-nio-8081-exec-10] [69b82a69dad0f21959e08285c997f984-8b487ee79876705c] c.example.provider.InstanceController    : Request received at instance running on port: 8081
2026-03-16T17:06:02.966+01:00 TRACE 34916 --- [provider] [http-nio-8082-exec-6] [69b82a6a0a69173f2ac5ad0f3bd5be6b-9268ad0b2e9d3000] c.example.provider.InstanceController    : Request received at instance running on port: 8082
2026-03-16T17:06:02.966+01:00 DEBUG 34916 --- [provider] [http-nio-8082-exec-6] [69b82a6a0a69173f2ac5ad0f3bd5be6b-9268ad0b2e9d3000] c.example.provider.InstanceController    : Request received at instance running on port: 8082
2026-03-16T17:06:02.966+01:00  INFO 34916 --- [provider] [http-nio-8082-exec-6] [69b82a6a0a69173f2ac5ad0f3bd5be6b-9268ad0b2e9d3000] c.example.provider.InstanceController    : Request received at instance running on port: 8082
2026-03-16T17:06:02.966+01:00  WARN 34916 --- [provider] [http-nio-8082-exec-6] [69b82a6a0a69173f2ac5ad0f3bd5be6b-9268ad0b2e9d3000] c.example.provider.InstanceController    : Request received at instance running on port: 8082
2026-03-16T17:06:02.967+01:00 ERROR 34916 --- [provider] [http-nio-8082-exec-6] [69b82a6a0a69173f2ac5ad0f3bd5be6b-9268ad0b2e9d3000] c.example.provider.InstanceController    : Request received at instance running on port: 8082
2026-03-16T17:06:03.550+01:00 TRACE 34356 --- [provider] [http-nio-8081-exec-1] [69b82a6ba9ce02fe338f8ca54e19af30-5a64994e98c0feca] c.example.provider.InstanceController    : Request received at instance running on port: 8081
2026-03-16T17:06:03.551+01:00 DEBUG 34356 --- [provider] [http-nio-8081-exec-1] [69b82a6ba9ce02fe338f8ca54e19af30-5a64994e98c0feca] c.example.provider.InstanceController    : Request received at instance running on port: 8081
2026-03-16T17:06:03.551+01:00  INFO 34356 --- [provider] [http-nio-8081-exec-1] [69b82a6ba9ce02fe338f8ca54e19af30-5a64994e98c0feca] c.example.provider.InstanceController    : Request received at instance running on port: 8081
2026-03-16T17:06:03.551+01:00  WARN 34356 --- [provider] [http-nio-8081-exec-1] [69b82a6ba9ce02fe338f8ca54e19af30-5a64994e98c0feca] c.example.provider.InstanceController    : Request received at instance running on port: 8081
2026-03-16T17:06:03.551+01:00 ERROR 34356 --- [provider] [http-nio-8081-exec-1] [69b82a6ba9ce02fe338f8ca54e19af30-5a64994e98c0feca] c.example.provider.InstanceController    : Request received at instance running on port: 8081
2026-03-16T17:06:04.145+01:00 TRACE 34916 --- [provider] [http-nio-8082-exec-8] [69b82a6ce26a84b81fa42146b3cde9d3-50bc33bfa20ae014] c.example.provider.InstanceController    : Request received at instance running on port: 8082
2026-03-16T17:06:04.146+01:00 DEBUG 34916 --- [provider] [http-nio-8082-exec-8] [69b82a6ce26a84b81fa42146b3cde9d3-50bc33bfa20ae014] c.example.provider.InstanceController    : Request received at instance running on port: 8082
2026-03-16T17:06:04.146+01:00  INFO 34916 --- [provider] [http-nio-8082-exec-8] [69b82a6ce26a84b81fa42146b3cde9d3-50bc33bfa20ae014] c.example.provider.InstanceController    : Request received at instance running on port: 8082
2026-03-16T17:06:04.146+01:00  WARN 34916 --- [provider] [http-nio-8082-exec-8] [69b82a6ce26a84b81fa42146b3cde9d3-50bc33bfa20ae014] c.example.provider.InstanceController    : Request received at instance running on port: 8082
2026-03-16T17:06:04.146+01:00 ERROR 34916 --- [provider] [http-nio-8082-exec-8] [69b82a6ce26a84b81fa42146b3cde9d3-50bc33bfa20ae014] c.example.provider.InstanceController    : Request received at instance running on port: 8082
2026-03-16T17:06:04.661+01:00 TRACE 34356 --- [provider] [http-nio-8081-exec-2] [69b82a6cfd7d375d99743c3b02e54cb2-4e8706b2bca24bc8] c.example.provider.InstanceController    : Request received at instance running on port: 8081
2026-03-16T17:06:04.661+01:00 DEBUG 34356 --- [provider] [http-nio-8081-exec-2] [69b82a6cfd7d375d99743c3b02e54cb2-4e8706b2bca24bc8] c.example.provider.InstanceController    : Request received at instance running on port: 8081
2026-03-16T17:06:04.661+01:00  INFO 34356 --- [provider] [http-nio-8081-exec-2] [69b82a6cfd7d375d99743c3b02e54cb2-4e8706b2bca24bc8] c.example.provider.InstanceController    : Request received at instance running on port: 8081
2026-03-16T17:06:04.661+01:00  WARN 34356 --- [provider] [http-nio-8081-exec-2] [69b82a6cfd7d375d99743c3b02e54cb2-4e8706b2bca24bc8] c.example.provider.InstanceController    : Request received at instance running on port: 8081
2026-03-16T17:06:04.661+01:00 ERROR 34356 --- [provider] [http-nio-8081-exec-2] [69b82a6cfd7d375d99743c3b02e54cb2-4e8706b2bca24bc8] c.example.provider.InstanceController    : Request received at instance running on port: 8081
2026-03-16T17:06:57.924+01:00  INFO 34356 --- [provider] [AsyncResolver-bootstrap-executor-%d] [                                                 ] c.n.d.s.r.aws.ConfigClusterResolver      : Resolving eureka endpoints via configuration
2026-03-16T17:07:11.181+01:00  INFO 34916 --- [provider] [AsyncResolver-bootstrap-executor-%d] [                                                 ] c.n.d.s.r.aws.ConfigClusterResolver      : Resolving eureka endpoints via configuration
2026-03-16T17:11:57.925+01:00  INFO 34356 --- [provider] [AsyncResolver-bootstrap-executor-%d] [                                                 ] c.n.d.s.r.aws.ConfigClusterResolver      : Resolving eureka endpoints via configuration
2026-03-16T17:12:11.183+01:00  INFO 34916 --- [provider] [AsyncResolver-bootstrap-executor-%d] [                                                 ] c.n.d.s.r.aws.ConfigClusterResolver      : Resolving eureka endpoints via configuration
2026-03-16T17:16:57.926+01:00  INFO 34356 --- [provider] [AsyncResolver-bootstrap-executor-%d] [                                                 ] c.n.d.s.r.aws.ConfigClusterResolver      : Resolving eureka endpoints via configuration
2026-03-16T17:17:11.184+01:00  INFO 34916 --- [provider] [AsyncResolver-bootstrap-executor-%d] [                                                 ] c.n.d.s.r.aws.ConfigClusterResolver      : Resolving eureka endpoints via configuration
2026-03-16T17:21:57.928+01:00  INFO 34356 --- [provider] [AsyncResolver-bootstrap-executor-%d] [                                                 ] c.n.d.s.r.aws.ConfigClusterResolver      : Resolving eureka endpoints via configuration
2026-03-16T17:22:11.185+01:00  INFO 34916 --- [provider] [AsyncResolver-bootstrap-executor-%d] [                                                 ] c.n.d.s.r.aws.ConfigClusterResolver      : Resolving eureka endpoints via configuration
2026-03-16T17:26:57.929+01:00  INFO 34356 --- [provider] [AsyncResolver-bootstrap-executor-%d] [                                                 ] c.n.d.s.r.aws.ConfigClusterResolver      : Resolving eureka endpoints via configuration
2026-03-16T17:27:11.188+01:00  INFO 34916 --- [provider] [AsyncResolver-bootstrap-executor-%d] [                                                 ] c.n.d.s.r.aws.ConfigClusterResolver      : Resolving eureka endpoints via configuration
2026-03-16T17:31:57.930+01:00  INFO 34356 --- [provider] [AsyncResolver-bootstrap-executor-%d] [                                                 ] c.n.d.s.r.aws.ConfigClusterResolver      : Resolving eureka endpoints via configuration
2026-03-16T17:32:11.191+01:00  INFO 34916 --- [provider] [AsyncResolver-bootstrap-executor-%d] [                                                 ] c.n.d.s.r.aws.ConfigClusterResolver      : Resolving eureka endpoints via configuration
2026-03-16T17:36:57.931+01:00  INFO 34356 --- [provider] [AsyncResolver-bootstrap-executor-%d] [                                                 ] c.n.d.s.r.aws.ConfigClusterResolver      : Resolving eureka endpoints via configuration
2026-03-16T17:37:11.193+01:00  INFO 34916 --- [provider] [AsyncResolver-bootstrap-executor-%d] [                                                 ] c.n.d.s.r.aws.ConfigClusterResolver      : Resolving eureka endpoints via configuration
2026-03-16T17:41:57.934+01:00  INFO 34356 --- [provider] [AsyncResolver-bootstrap-executor-%d] [                                                 ] c.n.d.s.r.aws.ConfigClusterResolver      : Resolving eureka endpoints via configuration
2026-03-16T17:42:11.195+01:00  INFO 34916 --- [provider] [AsyncResolver-bootstrap-executor-%d] [                                                 ] c.n.d.s.r.aws.ConfigClusterResolver      : Resolving eureka endpoints via configuration
2026-03-16T17:46:57.936+01:00  INFO 34356 --- [provider] [AsyncResolver-bootstrap-executor-%d] [                                                 ] c.n.d.s.r.aws.ConfigClusterResolver      : Resolving eureka endpoints via configuration
2026-03-16T17:47:11.196+01:00  INFO 34916 --- [provider] [AsyncResolver-bootstrap-executor-%d] [                                                 ] c.n.d.s.r.aws.ConfigClusterResolver      : Resolving eureka endpoints via configuration
2026-03-16T17:51:57.937+01:00  INFO 34356 --- [provider] [AsyncResolver-bootstrap-executor-%d] [                                                 ] c.n.d.s.r.aws.ConfigClusterResolver      : Resolving eureka endpoints via configuration
2026-03-16T17:52:11.198+01:00  INFO 34916 --- [provider] [AsyncResolver-bootstrap-executor-%d] [                                                 ] c.n.d.s.r.aws.ConfigClusterResolver      : Resolving eureka endpoints via configuration
2026-03-16T17:56:57.939+01:00  INFO 34356 --- [provider] [AsyncResolver-bootstrap-executor-%d] [                                                 ] c.n.d.s.r.aws.ConfigClusterResolver      : Resolving eureka endpoints via configuration
2026-03-16T17:57:11.199+01:00  INFO 34916 --- [provider] [AsyncResolver-bootstrap-executor-%d] [                                                 ] c.n.d.s.r.aws.ConfigClusterResolver      : Resolving eureka endpoints via configuration
2026-03-16T18:01:57.940+01:00  INFO 34356 --- [provider] [AsyncResolver-bootstrap-executor-%d] [                                                 ] c.n.d.s.r.aws.ConfigClusterResolver      : Resolving eureka endpoints via configuration
2026-03-16T18:02:11.200+01:00  INFO 34916 --- [provider] [AsyncResolver-bootstrap-executor-%d] [                                                 ] c.n.d.s.r.aws.ConfigClusterResolver      : Resolving eureka endpoints via configuration
2026-03-16T18:06:57.942+01:00  INFO 34356 --- [provider] [AsyncResolver-bootstrap-executor-%d] [                                                 ] c.n.d.s.r.aws.ConfigClusterResolver      : Resolving eureka endpoints via configuration
2026-03-16T18:07:11.202+01:00  INFO 34916 --- [provider] [AsyncResolver-bootstrap-executor-%d] [                                                 ] c.n.d.s.r.aws.ConfigClusterResolver      : Resolving eureka endpoints via configuration
2026-03-16T18:11:57.943+01:00  INFO 34356 --- [provider] [AsyncResolver-bootstrap-executor-%d] [                                                 ] c.n.d.s.r.aws.ConfigClusterResolver      : Resolving eureka endpoints via configuration
2026-03-16T18:12:11.204+01:00  INFO 34916 --- [provider] [AsyncResolver-bootstrap-executor-%d] [                                                 ] c.n.d.s.r.aws.ConfigClusterResolver      : Resolving eureka endpoints via configuration
2026-03-16T18:16:57.945+01:00  INFO 34356 --- [provider] [AsyncResolver-bootstrap-executor-%d] [                                                 ] c.n.d.s.r.aws.ConfigClusterResolver      : Resolving eureka endpoints via configuration
2026-03-16T18:17:11.205+01:00  INFO 34916 --- [provider] [AsyncResolver-bootstrap-executor-%d] [                                                 ] c.n.d.s.r.aws.ConfigClusterResolver      : Resolving eureka endpoints via configuration
2026-03-16T18:21:57.946+01:00  INFO 34356 --- [provider] [AsyncResolver-bootstrap-executor-%d] [                                                 ] c.n.d.s.r.aws.ConfigClusterResolver      : Resolving eureka endpoints via configuration
2026-03-16T18:22:11.207+01:00  INFO 34916 --- [provider] [AsyncResolver-bootstrap-executor-%d] [                                                 ] c.n.d.s.r.aws.ConfigClusterResolver      : Resolving eureka endpoints via configuration
2026-03-16T18:26:57.948+01:00  INFO 34356 --- [provider] [AsyncResolver-bootstrap-executor-%d] [                                                 ] c.n.d.s.r.aws.ConfigClusterResolver      : Resolving eureka endpoints via configuration
2026-03-16T18:27:11.210+01:00  INFO 34916 --- [provider] [AsyncResolver-bootstrap-executor-%d] [                                                 ] c.n.d.s.r.aws.ConfigClusterResolver      : Resolving eureka endpoints via configuration
2026-03-16T18:31:57.950+01:00  INFO 34356 --- [provider] [AsyncResolver-bootstrap-executor-%d] [                                                 ] c.n.d.s.r.aws.ConfigClusterResolver      : Resolving eureka endpoints via configuration
2026-03-16T18:32:11.213+01:00  INFO 34916 --- [provider] [AsyncResolver-bootstrap-executor-%d] [                                                 ] c.n.d.s.r.aws.ConfigClusterResolver      : Resolving eureka endpoints via configuration
2026-03-16T18:36:57.951+01:00  INFO 34356 --- [provider] [AsyncResolver-bootstrap-executor-%d] [                                                 ] c.n.d.s.r.aws.ConfigClusterResolver      : Resolving eureka endpoints via configuration
2026-03-16T18:37:11.214+01:00  INFO 34916 --- [provider] [AsyncResolver-bootstrap-executor-%d] [                                                 ] c.n.d.s.r.aws.ConfigClusterResolver      : Resolving eureka endpoints via configuration
2026-03-16T18:40:15.017+01:00  WARN 34916 --- [provider] [AsyncReporter{ZipkinHttpClientSender{http://localhost:9411/api/v2/spans}}] [                                                 ] z.r.i.AsyncReporter$BoundedAsyncReporter : Spans were dropped due to exceptions. All subsequent errors will be logged at FINE level.
2026-03-16T18:40:15.039+01:00  WARN 34916 --- [provider] [AsyncReporter{ZipkinHttpClientSender{http://localhost:9411/api/v2/spans}}] [                                                 ] z.r.i.AsyncReporter$BoundedAsyncReporter : Dropped 1 spans due to IOException(HTTP/1.1 header parser received no bytes)

java.io.IOException: HTTP/1.1 header parser received no bytes
	at java.net.http/jdk.internal.net.http.HttpClientImpl.send(HttpClientImpl.java:938) ~[java.net.http:na]
	at java.net.http/jdk.internal.net.http.HttpClientFacade.send(HttpClientFacade.java:133) ~[java.net.http:na]
	at org.springframework.boot.zipkin.autoconfigure.ZipkinHttpClientSender.postSpans(ZipkinHttpClientSender.java:59) ~[spring-boot-zipkin-4.0.3.jar:4.0.3]
	at org.springframework.boot.zipkin.autoconfigure.HttpSender.postSpans(HttpSender.java:69) ~[spring-boot-zipkin-4.0.3.jar:4.0.3]
	at org.springframework.boot.zipkin.autoconfigure.HttpSender.postSpans(HttpSender.java:41) ~[spring-boot-zipkin-4.0.3.jar:4.0.3]
	at zipkin2.reporter.BaseHttpSender.send(BaseHttpSender.java:123) ~[zipkin-reporter-3.5.1.jar:na]
	at zipkin2.reporter.internal.AsyncReporter$BoundedAsyncReporter.flush(AsyncReporter.java:266) ~[zipkin-reporter-3.5.1.jar:na]
	at zipkin2.reporter.internal.AsyncReporter$Flusher.run(AsyncReporter.java:352) ~[zipkin-reporter-3.5.1.jar:na]
	at java.base/java.lang.Thread.run(Thread.java:1474) ~[na:na]
Caused by: java.io.IOException: HTTP/1.1 header parser received no bytes
	at java.net.http/jdk.internal.net.http.common.Utils.wrapWithExtraDetail(Utils.java:456) ~[java.net.http:na]
	at java.net.http/jdk.internal.net.http.Http1Response$HeadersReader.onReadError(Http1Response.java:591) ~[java.net.http:na]
	at java.net.http/jdk.internal.net.http.Http1AsyncReceiver.checkForErrors(Http1AsyncReceiver.java:304) ~[java.net.http:na]
	at java.net.http/jdk.internal.net.http.Http1AsyncReceiver.flush(Http1AsyncReceiver.java:270) ~[java.net.http:na]
	at java.net.http/jdk.internal.net.http.common.SequentialScheduler$LockingRestartableTask.run(SequentialScheduler.java:182) ~[java.net.http:na]
	at java.net.http/jdk.internal.net.http.common.SequentialScheduler$CompleteRestartableTask.run(SequentialScheduler.java:149) ~[java.net.http:na]
	at java.net.http/jdk.internal.net.http.common.SequentialScheduler$SchedulableTask.run(SequentialScheduler.java:207) ~[java.net.http:na]
	at java.base/java.util.concurrent.ThreadPoolExecutor.runWorker(ThreadPoolExecutor.java:1090) ~[na:na]
	at java.base/java.util.concurrent.ThreadPoolExecutor$Worker.run(ThreadPoolExecutor.java:614) ~[na:na]
	... 1 common frames omitted
Caused by: java.io.EOFException: EOF reached while reading
	at java.net.http/jdk.internal.net.http.Http1AsyncReceiver$Http1TubeSubscriber.onComplete(Http1AsyncReceiver.java:603) ~[java.net.http:na]
	at java.net.http/jdk.internal.net.http.SocketTube$InternalReadPublisher$ReadSubscription.signalCompletion(SocketTube.java:652) ~[java.net.http:na]
	at java.net.http/jdk.internal.net.http.SocketTube$InternalReadPublisher$InternalReadSubscription.read(SocketTube.java:883) ~[java.net.http:na]
	at java.net.http/jdk.internal.net.http.SocketTube$SocketFlowTask.run(SocketTube.java:181) ~[java.net.http:na]
	at java.net.http/jdk.internal.net.http.common.SequentialScheduler$SchedulableTask.run(SequentialScheduler.java:207) ~[java.net.http:na]
	at java.net.http/jdk.internal.net.http.common.SequentialScheduler.runOrSchedule(SequentialScheduler.java:280) ~[java.net.http:na]
	at java.net.http/jdk.internal.net.http.common.SequentialScheduler.runOrSchedule(SequentialScheduler.java:233) ~[java.net.http:na]
	at java.net.http/jdk.internal.net.http.SocketTube$InternalReadPublisher$InternalReadSubscription.signalReadable(SocketTube.java:812) ~[java.net.http:na]
	at java.net.http/jdk.internal.net.http.SocketTube$InternalReadPublisher$ReadEvent.signalEvent(SocketTube.java:1002) ~[java.net.http:na]
	at java.net.http/jdk.internal.net.http.SocketTube$SocketFlowEvent.handle(SocketTube.java:253) ~[java.net.http:na]
	at java.net.http/jdk.internal.net.http.HttpClientImpl$SelectorManager.handleEvent(HttpClientImpl.java:1439) ~[java.net.http:na]
	at java.net.http/jdk.internal.net.http.HttpClientImpl$SelectorManager.lambda$run$3(HttpClientImpl.java:1384) ~[java.net.http:na]
	at java.base/java.util.ArrayList.forEach(ArrayList.java:1604) ~[na:na]
	at java.net.http/jdk.internal.net.http.HttpClientImpl$SelectorManager.run(HttpClientImpl.java:1384) ~[java.net.http:na]

2026-03-16T18:40:17.309+01:00  WARN 34356 --- [provider] [AsyncReporter{ZipkinHttpClientSender{http://localhost:9411/api/v2/spans}}] [                                                 ] z.r.i.AsyncReporter$BoundedAsyncReporter : Spans were dropped due to exceptions. All subsequent errors will be logged at FINE level.
2026-03-16T18:40:17.311+01:00  WARN 34356 --- [provider] [AsyncReporter{ZipkinHttpClientSender{http://localhost:9411/api/v2/spans}}] [                                                 ] z.r.i.AsyncReporter$BoundedAsyncReporter : Dropped 1 spans due to IOException(HTTP/1.1 header parser received no bytes)

java.io.IOException: HTTP/1.1 header parser received no bytes
	at java.net.http/jdk.internal.net.http.HttpClientImpl.send(HttpClientImpl.java:938) ~[java.net.http:na]
	at java.net.http/jdk.internal.net.http.HttpClientFacade.send(HttpClientFacade.java:133) ~[java.net.http:na]
	at org.springframework.boot.zipkin.autoconfigure.ZipkinHttpClientSender.postSpans(ZipkinHttpClientSender.java:59) ~[spring-boot-zipkin-4.0.3.jar:4.0.3]
	at org.springframework.boot.zipkin.autoconfigure.HttpSender.postSpans(HttpSender.java:69) ~[spring-boot-zipkin-4.0.3.jar:4.0.3]
	at org.springframework.boot.zipkin.autoconfigure.HttpSender.postSpans(HttpSender.java:41) ~[spring-boot-zipkin-4.0.3.jar:4.0.3]
	at zipkin2.reporter.BaseHttpSender.send(BaseHttpSender.java:123) ~[zipkin-reporter-3.5.1.jar:na]
	at zipkin2.reporter.internal.AsyncReporter$BoundedAsyncReporter.flush(AsyncReporter.java:266) ~[zipkin-reporter-3.5.1.jar:na]
	at zipkin2.reporter.internal.AsyncReporter$Flusher.run(AsyncReporter.java:352) ~[zipkin-reporter-3.5.1.jar:na]
	at java.base/java.lang.Thread.run(Thread.java:1474) ~[na:na]
Caused by: java.io.IOException: HTTP/1.1 header parser received no bytes
	at java.net.http/jdk.internal.net.http.common.Utils.wrapWithExtraDetail(Utils.java:456) ~[java.net.http:na]
	at java.net.http/jdk.internal.net.http.Http1Response$HeadersReader.onReadError(Http1Response.java:591) ~[java.net.http:na]
	at java.net.http/jdk.internal.net.http.Http1AsyncReceiver.checkForErrors(Http1AsyncReceiver.java:304) ~[java.net.http:na]
	at java.net.http/jdk.internal.net.http.Http1AsyncReceiver.flush(Http1AsyncReceiver.java:270) ~[java.net.http:na]
	at java.net.http/jdk.internal.net.http.common.SequentialScheduler$LockingRestartableTask.run(SequentialScheduler.java:182) ~[java.net.http:na]
	at java.net.http/jdk.internal.net.http.common.SequentialScheduler$CompleteRestartableTask.run(SequentialScheduler.java:149) ~[java.net.http:na]
	at java.net.http/jdk.internal.net.http.common.SequentialScheduler$SchedulableTask.run(SequentialScheduler.java:207) ~[java.net.http:na]
	at java.base/java.util.concurrent.ThreadPoolExecutor.runWorker(ThreadPoolExecutor.java:1090) ~[na:na]
	at java.base/java.util.concurrent.ThreadPoolExecutor$Worker.run(ThreadPoolExecutor.java:614) ~[na:na]
	... 1 common frames omitted
Caused by: java.io.EOFException: EOF reached while reading
	at java.net.http/jdk.internal.net.http.Http1AsyncReceiver$Http1TubeSubscriber.onComplete(Http1AsyncReceiver.java:603) ~[java.net.http:na]
	at java.net.http/jdk.internal.net.http.SocketTube$InternalReadPublisher$ReadSubscription.signalCompletion(SocketTube.java:652) ~[java.net.http:na]
	at java.net.http/jdk.internal.net.http.SocketTube$InternalReadPublisher$InternalReadSubscription.read(SocketTube.java:883) ~[java.net.http:na]
	at java.net.http/jdk.internal.net.http.SocketTube$SocketFlowTask.run(SocketTube.java:181) ~[java.net.http:na]
	at java.net.http/jdk.internal.net.http.common.SequentialScheduler$SchedulableTask.run(SequentialScheduler.java:207) ~[java.net.http:na]
	at java.net.http/jdk.internal.net.http.common.SequentialScheduler.runOrSchedule(SequentialScheduler.java:280) ~[java.net.http:na]
	at java.net.http/jdk.internal.net.http.common.SequentialScheduler.runOrSchedule(SequentialScheduler.java:233) ~[java.net.http:na]
	at java.net.http/jdk.internal.net.http.SocketTube$InternalReadPublisher$InternalReadSubscription.signalReadable(SocketTube.java:812) ~[java.net.http:na]
	at java.net.http/jdk.internal.net.http.SocketTube$InternalReadPublisher$ReadEvent.signalEvent(SocketTube.java:1002) ~[java.net.http:na]
	at java.net.http/jdk.internal.net.http.SocketTube$SocketFlowEvent.handle(SocketTube.java:253) ~[java.net.http:na]
	at java.net.http/jdk.internal.net.http.HttpClientImpl$SelectorManager.handleEvent(HttpClientImpl.java:1439) ~[java.net.http:na]
	at java.net.http/jdk.internal.net.http.HttpClientImpl$SelectorManager.lambda$run$3(HttpClientImpl.java:1384) ~[java.net.http:na]
	at java.base/java.util.ArrayList.forEach(ArrayList.java:1604) ~[na:na]
	at java.net.http/jdk.internal.net.http.HttpClientImpl$SelectorManager.run(HttpClientImpl.java:1384) ~[java.net.http:na]

2026-03-16T18:41:57.951+01:00  INFO 34356 --- [provider] [AsyncResolver-bootstrap-executor-%d] [                                                 ] c.n.d.s.r.aws.ConfigClusterResolver      : Resolving eureka endpoints via configuration
2026-03-16T18:42:11.216+01:00  INFO 34916 --- [provider] [AsyncResolver-bootstrap-executor-%d] [                                                 ] c.n.d.s.r.aws.ConfigClusterResolver      : Resolving eureka endpoints via configuration
2026-03-16T18:45:46.217+01:00 TRACE 34916 --- [provider] [http-nio-8082-exec-4] [69b841ca3f0fedddac3eacee03978666-8945fa76eb41ec60] c.example.provider.InstanceController    : Request received at instance running on port: 8082
2026-03-16T18:45:46.218+01:00 DEBUG 34916 --- [provider] [http-nio-8082-exec-4] [69b841ca3f0fedddac3eacee03978666-8945fa76eb41ec60] c.example.provider.InstanceController    : Request received at instance running on port: 8082
2026-03-16T18:45:46.218+01:00  INFO 34916 --- [provider] [http-nio-8082-exec-4] [69b841ca3f0fedddac3eacee03978666-8945fa76eb41ec60] c.example.provider.InstanceController    : Request received at instance running on port: 8082
2026-03-16T18:45:46.218+01:00  WARN 34916 --- [provider] [http-nio-8082-exec-4] [69b841ca3f0fedddac3eacee03978666-8945fa76eb41ec60] c.example.provider.InstanceController    : Request received at instance running on port: 8082
2026-03-16T18:45:46.218+01:00 ERROR 34916 --- [provider] [http-nio-8082-exec-4] [69b841ca3f0fedddac3eacee03978666-8945fa76eb41ec60] c.example.provider.InstanceController    : Request received at instance running on port: 8082
2026-03-16T18:45:47.015+01:00 TRACE 34356 --- [provider] [http-nio-8081-exec-7] [69b841cbe701579e9d14e658d589ae76-c239d582c4a4ed61] c.example.provider.InstanceController    : Request received at instance running on port: 8081
2026-03-16T18:45:47.016+01:00 DEBUG 34356 --- [provider] [http-nio-8081-exec-7] [69b841cbe701579e9d14e658d589ae76-c239d582c4a4ed61] c.example.provider.InstanceController    : Request received at instance running on port: 8081
2026-03-16T18:45:47.016+01:00  INFO 34356 --- [provider] [http-nio-8081-exec-7] [69b841cbe701579e9d14e658d589ae76-c239d582c4a4ed61] c.example.provider.InstanceController    : Request received at instance running on port: 8081
2026-03-16T18:45:47.016+01:00  WARN 34356 --- [provider] [http-nio-8081-exec-7] [69b841cbe701579e9d14e658d589ae76-c239d582c4a4ed61] c.example.provider.InstanceController    : Request received at instance running on port: 8081
2026-03-16T18:45:47.016+01:00 ERROR 34356 --- [provider] [http-nio-8081-exec-7] [69b841cbe701579e9d14e658d589ae76-c239d582c4a4ed61] c.example.provider.InstanceController    : Request received at instance running on port: 8081
2026-03-16T18:45:47.643+01:00 TRACE 34916 --- [provider] [http-nio-8082-exec-3] [69b841cb79e92ee3a4b6ee5be7ea3d21-07e0f90ecb043efe] c.example.provider.InstanceController    : Request received at instance running on port: 8082
2026-03-16T18:45:47.643+01:00 DEBUG 34916 --- [provider] [http-nio-8082-exec-3] [69b841cb79e92ee3a4b6ee5be7ea3d21-07e0f90ecb043efe] c.example.provider.InstanceController    : Request received at instance running on port: 8082
2026-03-16T18:45:47.643+01:00  INFO 34916 --- [provider] [http-nio-8082-exec-3] [69b841cb79e92ee3a4b6ee5be7ea3d21-07e0f90ecb043efe] c.example.provider.InstanceController    : Request received at instance running on port: 8082
2026-03-16T18:45:47.643+01:00  WARN 34916 --- [provider] [http-nio-8082-exec-3] [69b841cb79e92ee3a4b6ee5be7ea3d21-07e0f90ecb043efe] c.example.provider.InstanceController    : Request received at instance running on port: 8082
2026-03-16T18:45:47.643+01:00 ERROR 34916 --- [provider] [http-nio-8082-exec-3] [69b841cb79e92ee3a4b6ee5be7ea3d21-07e0f90ecb043efe] c.example.provider.InstanceController    : Request received at instance running on port: 8082
2026-03-16T18:45:48.220+01:00 TRACE 34356 --- [provider] [http-nio-8081-exec-8] [69b841cc5624093dad3c8270a34e6b0a-be337a3547540187] c.example.provider.InstanceController    : Request received at instance running on port: 8081
2026-03-16T18:45:48.220+01:00 DEBUG 34356 --- [provider] [http-nio-8081-exec-8] [69b841cc5624093dad3c8270a34e6b0a-be337a3547540187] c.example.provider.InstanceController    : Request received at instance running on port: 8081
2026-03-16T18:45:48.221+01:00  INFO 34356 --- [provider] [http-nio-8081-exec-8] [69b841cc5624093dad3c8270a34e6b0a-be337a3547540187] c.example.provider.InstanceController    : Request received at instance running on port: 8081
2026-03-16T18:45:48.221+01:00  WARN 34356 --- [provider] [http-nio-8081-exec-8] [69b841cc5624093dad3c8270a34e6b0a-be337a3547540187] c.example.provider.InstanceController    : Request received at instance running on port: 8081
2026-03-16T18:45:48.221+01:00 ERROR 34356 --- [provider] [http-nio-8081-exec-8] [69b841cc5624093dad3c8270a34e6b0a-be337a3547540187] c.example.provider.InstanceController    : Request received at instance running on port: 8081
2026-03-16T18:45:48.934+01:00 TRACE 34916 --- [provider] [http-nio-8082-exec-6] [69b841cc769d75ae43c6c20f381e1e2f-bb368e861924a82d] c.example.provider.InstanceController    : Request received at instance running on port: 8082
2026-03-16T18:45:48.934+01:00 DEBUG 34916 --- [provider] [http-nio-8082-exec-6] [69b841cc769d75ae43c6c20f381e1e2f-bb368e861924a82d] c.example.provider.InstanceController    : Request received at instance running on port: 8082
2026-03-16T18:45:48.934+01:00  INFO 34916 --- [provider] [http-nio-8082-exec-6] [69b841cc769d75ae43c6c20f381e1e2f-bb368e861924a82d] c.example.provider.InstanceController    : Request received at instance running on port: 8082
2026-03-16T18:45:48.934+01:00  WARN 34916 --- [provider] [http-nio-8082-exec-6] [69b841cc769d75ae43c6c20f381e1e2f-bb368e861924a82d] c.example.provider.InstanceController    : Request received at instance running on port: 8082
2026-03-16T18:45:48.934+01:00 ERROR 34916 --- [provider] [http-nio-8082-exec-6] [69b841cc769d75ae43c6c20f381e1e2f-bb368e861924a82d] c.example.provider.InstanceController    : Request received at instance running on port: 8082
2026-03-16T18:46:57.953+01:00  INFO 34356 --- [provider] [AsyncResolver-bootstrap-executor-%d] [                                                 ] c.n.d.s.r.aws.ConfigClusterResolver      : Resolving eureka endpoints via configuration
2026-03-16T18:47:11.218+01:00  INFO 34916 --- [provider] [AsyncResolver-bootstrap-executor-%d] [                                                 ] c.n.d.s.r.aws.ConfigClusterResolver      : Resolving eureka endpoints via configuration
2026-03-16T18:51:57.959+01:00  INFO 34356 --- [provider] [AsyncResolver-bootstrap-executor-%d] [                                                 ] c.n.d.s.r.aws.ConfigClusterResolver      : Resolving eureka endpoints via configuration
2026-03-16T18:51:58.330+01:00 TRACE 34916 --- [provider] [http-nio-8082-exec-1] [69b8433e62934f90180265d658b5451b-f6e1fd867913c411] c.example.provider.InstanceController    : Request received at instance running on port: 8082
2026-03-16T18:51:58.330+01:00 DEBUG 34916 --- [provider] [http-nio-8082-exec-1] [69b8433e62934f90180265d658b5451b-f6e1fd867913c411] c.example.provider.InstanceController    : Request received at instance running on port: 8082
2026-03-16T18:51:58.331+01:00  INFO 34916 --- [provider] [http-nio-8082-exec-1] [69b8433e62934f90180265d658b5451b-f6e1fd867913c411] c.example.provider.InstanceController    : Request received at instance running on port: 8082
2026-03-16T18:51:58.331+01:00  WARN 34916 --- [provider] [http-nio-8082-exec-1] [69b8433e62934f90180265d658b5451b-f6e1fd867913c411] c.example.provider.InstanceController    : Request received at instance running on port: 8082
2026-03-16T18:51:58.331+01:00 ERROR 34916 --- [provider] [http-nio-8082-exec-1] [69b8433e62934f90180265d658b5451b-f6e1fd867913c411] c.example.provider.InstanceController    : Request received at instance running on port: 8082
2026-03-16T18:52:00.688+01:00 TRACE 34356 --- [provider] [http-nio-8081-exec-4] [69b843403068ca883af0cbaadc0350b4-65cbb7e121574614] c.example.provider.InstanceController    : Request received at instance running on port: 8081
2026-03-16T18:52:00.689+01:00 DEBUG 34356 --- [provider] [http-nio-8081-exec-4] [69b843403068ca883af0cbaadc0350b4-65cbb7e121574614] c.example.provider.InstanceController    : Request received at instance running on port: 8081
2026-03-16T18:52:00.689+01:00  INFO 34356 --- [provider] [http-nio-8081-exec-4] [69b843403068ca883af0cbaadc0350b4-65cbb7e121574614] c.example.provider.InstanceController    : Request received at instance running on port: 8081
2026-03-16T18:52:00.689+01:00  WARN 34356 --- [provider] [http-nio-8081-exec-4] [69b843403068ca883af0cbaadc0350b4-65cbb7e121574614] c.example.provider.InstanceController    : Request received at instance running on port: 8081
2026-03-16T18:52:00.689+01:00 ERROR 34356 --- [provider] [http-nio-8081-exec-4] [69b843403068ca883af0cbaadc0350b4-65cbb7e121574614] c.example.provider.InstanceController    : Request received at instance running on port: 8081
2026-03-16T18:52:01.446+01:00 TRACE 34916 --- [provider] [http-nio-8082-exec-4] [69b84341d9d84e789a4c2a87d5c09e3b-c4674d73feed7af4] c.example.provider.InstanceController    : Request received at instance running on port: 8082
2026-03-16T18:52:01.447+01:00 DEBUG 34916 --- [provider] [http-nio-8082-exec-4] [69b84341d9d84e789a4c2a87d5c09e3b-c4674d73feed7af4] c.example.provider.InstanceController    : Request received at instance running on port: 8082
2026-03-16T18:52:01.447+01:00  INFO 34916 --- [provider] [http-nio-8082-exec-4] [69b84341d9d84e789a4c2a87d5c09e3b-c4674d73feed7af4] c.example.provider.InstanceController    : Request received at instance running on port: 8082
2026-03-16T18:52:01.447+01:00  WARN 34916 --- [provider] [http-nio-8082-exec-4] [69b84341d9d84e789a4c2a87d5c09e3b-c4674d73feed7af4] c.example.provider.InstanceController    : Request received at instance running on port: 8082
2026-03-16T18:52:01.447+01:00 ERROR 34916 --- [provider] [http-nio-8082-exec-4] [69b84341d9d84e789a4c2a87d5c09e3b-c4674d73feed7af4] c.example.provider.InstanceController    : Request received at instance running on port: 8082
2026-03-16T18:52:02.140+01:00 TRACE 34356 --- [provider] [http-nio-8081-exec-6] [69b843427dc7f86709637cb281db8134-a2ef10ceb6143f1a] c.example.provider.InstanceController    : Request received at instance running on port: 8081
2026-03-16T18:52:02.141+01:00 DEBUG 34356 --- [provider] [http-nio-8081-exec-6] [69b843427dc7f86709637cb281db8134-a2ef10ceb6143f1a] c.example.provider.InstanceController    : Request received at instance running on port: 8081
2026-03-16T18:52:02.141+01:00  INFO 34356 --- [provider] [http-nio-8081-exec-6] [69b843427dc7f86709637cb281db8134-a2ef10ceb6143f1a] c.example.provider.InstanceController    : Request received at instance running on port: 8081
2026-03-16T18:52:02.141+01:00  WARN 34356 --- [provider] [http-nio-8081-exec-6] [69b843427dc7f86709637cb281db8134-a2ef10ceb6143f1a] c.example.provider.InstanceController    : Request received at instance running on port: 8081
2026-03-16T18:52:02.141+01:00 ERROR 34356 --- [provider] [http-nio-8081-exec-6] [69b843427dc7f86709637cb281db8134-a2ef10ceb6143f1a] c.example.provider.InstanceController    : Request received at instance running on port: 8081
2026-03-16T18:52:02.828+01:00 TRACE 34916 --- [provider] [http-nio-8082-exec-5] [69b843423df0079f114cd8872b52ea1f-1aeba6470fa86cea] c.example.provider.InstanceController    : Request received at instance running on port: 8082
2026-03-16T18:52:02.828+01:00 DEBUG 34916 --- [provider] [http-nio-8082-exec-5] [69b843423df0079f114cd8872b52ea1f-1aeba6470fa86cea] c.example.provider.InstanceController    : Request received at instance running on port: 8082
2026-03-16T18:52:02.828+01:00  INFO 34916 --- [provider] [http-nio-8082-exec-5] [69b843423df0079f114cd8872b52ea1f-1aeba6470fa86cea] c.example.provider.InstanceController    : Request received at instance running on port: 8082
2026-03-16T18:52:02.828+01:00  WARN 34916 --- [provider] [http-nio-8082-exec-5] [69b843423df0079f114cd8872b52ea1f-1aeba6470fa86cea] c.example.provider.InstanceController    : Request received at instance running on port: 8082
2026-03-16T18:52:02.828+01:00 ERROR 34916 --- [provider] [http-nio-8082-exec-5] [69b843423df0079f114cd8872b52ea1f-1aeba6470fa86cea] c.example.provider.InstanceController    : Request received at instance running on port: 8082
2026-03-16T18:52:03.540+01:00 TRACE 34356 --- [provider] [http-nio-8081-exec-7] [69b84343b346bb6b5f846e1db61ae8d8-8096f1a261cc3779] c.example.provider.InstanceController    : Request received at instance running on port: 8081
2026-03-16T18:52:03.540+01:00 DEBUG 34356 --- [provider] [http-nio-8081-exec-7] [69b84343b346bb6b5f846e1db61ae8d8-8096f1a261cc3779] c.example.provider.InstanceController    : Request received at instance running on port: 8081
2026-03-16T18:52:03.540+01:00  INFO 34356 --- [provider] [http-nio-8081-exec-7] [69b84343b346bb6b5f846e1db61ae8d8-8096f1a261cc3779] c.example.provider.InstanceController    : Request received at instance running on port: 8081
2026-03-16T18:52:03.540+01:00  WARN 34356 --- [provider] [http-nio-8081-exec-7] [69b84343b346bb6b5f846e1db61ae8d8-8096f1a261cc3779] c.example.provider.InstanceController    : Request received at instance running on port: 8081
2026-03-16T18:52:03.540+01:00 ERROR 34356 --- [provider] [http-nio-8081-exec-7] [69b84343b346bb6b5f846e1db61ae8d8-8096f1a261cc3779] c.example.provider.InstanceController    : Request received at instance running on port: 8081
2026-03-16T18:52:04.425+01:00 TRACE 34916 --- [provider] [http-nio-8082-exec-6] [69b84344d5d8675b3e7153b9e19ede82-f7802cc52050b3b9] c.example.provider.InstanceController    : Request received at instance running on port: 8082
2026-03-16T18:52:04.426+01:00 DEBUG 34916 --- [provider] [http-nio-8082-exec-6] [69b84344d5d8675b3e7153b9e19ede82-f7802cc52050b3b9] c.example.provider.InstanceController    : Request received at instance running on port: 8082
2026-03-16T18:52:04.426+01:00  INFO 34916 --- [provider] [http-nio-8082-exec-6] [69b84344d5d8675b3e7153b9e19ede82-f7802cc52050b3b9] c.example.provider.InstanceController    : Request received at instance running on port: 8082
2026-03-16T18:52:04.426+01:00  WARN 34916 --- [provider] [http-nio-8082-exec-6] [69b84344d5d8675b3e7153b9e19ede82-f7802cc52050b3b9] c.example.provider.InstanceController    : Request received at instance running on port: 8082
2026-03-16T18:52:04.426+01:00 ERROR 34916 --- [provider] [http-nio-8082-exec-6] [69b84344d5d8675b3e7153b9e19ede82-f7802cc52050b3b9] c.example.provider.InstanceController    : Request received at instance running on port: 8082
2026-03-16T18:52:05.104+01:00 TRACE 34356 --- [provider] [http-nio-8081-exec-9] [69b84345eba62beff58f3c644c71c2be-1a701eb986e5bf70] c.example.provider.InstanceController    : Request received at instance running on port: 8081
2026-03-16T18:52:05.104+01:00 DEBUG 34356 --- [provider] [http-nio-8081-exec-9] [69b84345eba62beff58f3c644c71c2be-1a701eb986e5bf70] c.example.provider.InstanceController    : Request received at instance running on port: 8081
2026-03-16T18:52:05.104+01:00  INFO 34356 --- [provider] [http-nio-8081-exec-9] [69b84345eba62beff58f3c644c71c2be-1a701eb986e5bf70] c.example.provider.InstanceController    : Request received at instance running on port: 8081
2026-03-16T18:52:05.104+01:00  WARN 34356 --- [provider] [http-nio-8081-exec-9] [69b84345eba62beff58f3c644c71c2be-1a701eb986e5bf70] c.example.provider.InstanceController    : Request received at instance running on port: 8081
2026-03-16T18:52:05.104+01:00 ERROR 34356 --- [provider] [http-nio-8081-exec-9] [69b84345eba62beff58f3c644c71c2be-1a701eb986e5bf70] c.example.provider.InstanceController    : Request received at instance running on port: 8081
2026-03-16T18:52:05.773+01:00 TRACE 34916 --- [provider] [http-nio-8082-exec-8] [69b843451a4ea636dc32669de0587f3f-712c89abad2d4296] c.example.provider.InstanceController    : Request received at instance running on port: 8082
2026-03-16T18:52:05.773+01:00 DEBUG 34916 --- [provider] [http-nio-8082-exec-8] [69b843451a4ea636dc32669de0587f3f-712c89abad2d4296] c.example.provider.InstanceController    : Request received at instance running on port: 8082
2026-03-16T18:52:05.773+01:00  INFO 34916 --- [provider] [http-nio-8082-exec-8] [69b843451a4ea636dc32669de0587f3f-712c89abad2d4296] c.example.provider.InstanceController    : Request received at instance running on port: 8082
2026-03-16T18:52:05.773+01:00  WARN 34916 --- [provider] [http-nio-8082-exec-8] [69b843451a4ea636dc32669de0587f3f-712c89abad2d4296] c.example.provider.InstanceController    : Request received at instance running on port: 8082
2026-03-16T18:52:05.773+01:00 ERROR 34916 --- [provider] [http-nio-8082-exec-8] [69b843451a4ea636dc32669de0587f3f-712c89abad2d4296] c.example.provider.InstanceController    : Request received at instance running on port: 8082
2026-03-16T18:52:11.224+01:00  INFO 34916 --- [provider] [AsyncResolver-bootstrap-executor-%d] [                                                 ] c.n.d.s.r.aws.ConfigClusterResolver      : Resolving eureka endpoints via configuration
2026-03-16T18:56:57.970+01:00  INFO 34356 --- [provider] [AsyncResolver-bootstrap-executor-%d] [                                                 ] c.n.d.s.r.aws.ConfigClusterResolver      : Resolving eureka endpoints via configuration
2026-03-16T18:57:11.239+01:00  INFO 34916 --- [provider] [AsyncResolver-bootstrap-executor-%d] [                                                 ] c.n.d.s.r.aws.ConfigClusterResolver      : Resolving eureka endpoints via configuration
